AWS OFI NCCL Plugin v1.14.2 loaded
Built with libfabric 1.22.0 and CUDA 12.8
Configured for Cray CXI interconnect
Plugin: /sw/rh9.4/user/aws-ofi-nccl-1.14.2-lf1.22.0-cu12.8/lib/libnccl-net.so
W0701 13:54:43.621000 1184568 torch/distributed/run.py:851] 
W0701 13:54:43.621000 1184568 torch/distributed/run.py:851] *****************************************
W0701 13:54:43.621000 1184568 torch/distributed/run.py:851] Setting OMP_NUM_THREADS environment variable for each process to be 1 in default, to avoid your system being overloaded, please further tune the variable for optimal performance in your application as needed. 
W0701 13:54:43.621000 1184568 torch/distributed/run.py:851] *****************************************
/work/nvme/bdiu/awikner/physicsnemo/examples/weather/ai_rossby/train_diffusion.py:50: ExperimentalFeatureWarning: You are importing from 'physicsnemo.experimental'. The APIs in this namespace are experimental, under active development, and may change without notice. Expect possible back-compatibility breaking changes and only partial test coverage.
  from physicsnemo.experimental.datapipes.climate import (
/work/nvme/bdiu/awikner/physicsnemo/examples/weather/ai_rossby/train_diffusion.py:50: ExperimentalFeatureWarning: You are importing from 'physicsnemo.experimental'. The APIs in this namespace are experimental, under active development, and may change without notice. Expect possible back-compatibility breaking changes and only partial test coverage.
  from physicsnemo.experimental.datapipes.climate import (
[2026-07-01 13:54:57,635][amip_diffusion_train][INFO] - diffusion train: stages=1, total_epochs=10, world_size=2, device=cuda:0
[2026-07-01 13:54:57,638][amip_diffusion_train][INFO] - diffusion train: stages=1, total_epochs=10, world_size=2, device=cuda:1
[2026-07-01 13:54:57,794][amip_diffusion_train][INFO] - AMP disabled (cfg.training.amp=none)
[2026-07-01 13:54:57,795][amip_diffusion_train][INFO] - AMP disabled (cfg.training.amp=none)
[2026-07-01 13:54:57,795][checkpoint][WARNING] - Provided checkpoint directory /work/nvme/bdiu/awikner/physicsnemo/examples/weather/ai_rossby/checkpoints_convergence_19852638 does not exist, skipping load
[2026-07-01 13:54:57,796][checkpoint][WARNING] - Provided checkpoint directory /work/nvme/bdiu/awikner/physicsnemo/examples/weather/ai_rossby/checkpoints_convergence_19852638 does not exist, skipping load
[2026-07-01 13:54:57,814][physicsnemo.experimental.diffusion.dynamic_interpolant][INFO] - DriftScheduler initialized: num_steps=10, sigma_coef=1.0, noise=gaussian
[2026-07-01 13:54:57,817][amip_diffusion_train][INFO] - benchmark per-batch TSV → /work/hdd/bdiu/awikner/amip_si_convergence/loss_19852638.tsv
[2026-07-01 13:54:57,825][amip_diffusion_train][INFO] - stage 0 'default' starting at global_epoch=1: window_mode=False (W=0), steps_per_epoch=730, sched=DriftScheduler
[2026-07-01 13:54:57,826][physicsnemo.experimental.diffusion.dynamic_interpolant][INFO] - DriftScheduler initialized: num_steps=10, sigma_coef=1.0, noise=gaussian
[2026-07-01 13:54:57,833][amip_diffusion_train][INFO] - stage 0 'default' starting at global_epoch=1: window_mode=False (W=0), steps_per_epoch=730, sched=DriftScheduler
[2026-07-01 13:55:04,322][amip_diffusion_train][INFO] - epoch 1 batch 0/730 loss=7.3598e+06
[2026-07-01 13:55:11,762][amip_diffusion_train][INFO] - epoch 1 batch 20/730 loss=5.9404e+06
[2026-07-01 13:55:20,533][amip_diffusion_train][INFO] - epoch 1 batch 40/730 loss=7.1692e+06
[2026-07-01 13:55:28,424][amip_diffusion_train][INFO] - epoch 1 batch 60/730 loss=7.4332e+06
[2026-07-01 13:55:35,674][amip_diffusion_train][INFO] - epoch 1 batch 80/730 loss=6.8712e+06
[2026-07-01 13:55:42,602][amip_diffusion_train][INFO] - epoch 1 batch 100/730 loss=5.0302e+06
[2026-07-01 13:55:47,352][amip_diffusion_train][INFO] - epoch 1 batch 120/730 loss=5.1678e+06
[2026-07-01 13:55:52,974][amip_diffusion_train][INFO] - epoch 1 batch 140/730 loss=1.0449e+07
[2026-07-01 13:55:58,059][amip_diffusion_train][INFO] - epoch 1 batch 160/730 loss=3.0747e+06
[2026-07-01 13:56:02,719][amip_diffusion_train][INFO] - epoch 1 batch 180/730 loss=4.0862e+06
[2026-07-01 13:56:07,326][amip_diffusion_train][INFO] - epoch 1 batch 200/730 loss=6.2262e+06
[2026-07-01 13:56:12,406][amip_diffusion_train][INFO] - epoch 1 batch 220/730 loss=2.7470e+06
[2026-07-01 13:56:16,814][amip_diffusion_train][INFO] - epoch 1 batch 240/730 loss=6.7115e+06
[2026-07-01 13:56:21,037][amip_diffusion_train][INFO] - epoch 1 batch 260/730 loss=3.8389e+06
[2026-07-01 13:56:26,002][amip_diffusion_train][INFO] - epoch 1 batch 280/730 loss=6.8511e+06
[2026-07-01 13:56:30,324][amip_diffusion_train][INFO] - epoch 1 batch 300/730 loss=9.5341e+06
[2026-07-01 13:56:34,623][amip_diffusion_train][INFO] - epoch 1 batch 320/730 loss=7.8473e+06
[2026-07-01 13:56:38,731][amip_diffusion_train][INFO] - epoch 1 batch 340/730 loss=6.5849e+06
[2026-07-01 13:56:42,904][amip_diffusion_train][INFO] - epoch 1 batch 360/730 loss=5.5139e+06
[2026-07-01 13:56:47,355][amip_diffusion_train][INFO] - epoch 1 batch 380/730 loss=8.5411e+06
[2026-07-01 13:56:51,844][amip_diffusion_train][INFO] - epoch 1 batch 400/730 loss=9.7746e+06
[2026-07-01 13:56:56,180][amip_diffusion_train][INFO] - epoch 1 batch 420/730 loss=6.1966e+06
[2026-07-01 13:57:00,576][amip_diffusion_train][INFO] - epoch 1 batch 440/730 loss=4.5328e+06
[2026-07-01 13:57:04,701][amip_diffusion_train][INFO] - epoch 1 batch 460/730 loss=9.3162e+06
[2026-07-01 13:57:08,716][amip_diffusion_train][INFO] - epoch 1 batch 480/730 loss=7.7247e+06
[2026-07-01 13:57:12,940][amip_diffusion_train][INFO] - epoch 1 batch 500/730 loss=5.5097e+06
[2026-07-01 13:57:17,107][amip_diffusion_train][INFO] - epoch 1 batch 520/730 loss=3.6828e+06
[2026-07-01 13:57:21,328][amip_diffusion_train][INFO] - epoch 1 batch 540/730 loss=9.7548e+06
[2026-07-01 13:57:26,021][amip_diffusion_train][INFO] - epoch 1 batch 560/730 loss=5.3049e+06
[2026-07-01 13:57:29,959][amip_diffusion_train][INFO] - epoch 1 batch 580/730 loss=4.1793e+06
[2026-07-01 13:57:33,825][amip_diffusion_train][INFO] - epoch 1 batch 600/730 loss=6.1082e+06
[2026-07-01 13:57:38,219][amip_diffusion_train][INFO] - epoch 1 batch 620/730 loss=7.9723e+06
[2026-07-01 13:57:42,713][amip_diffusion_train][INFO] - epoch 1 batch 640/730 loss=3.4831e+06
[2026-07-01 13:57:46,398][amip_diffusion_train][INFO] - epoch 1 batch 660/730 loss=5.8413e+06
[2026-07-01 13:57:51,110][amip_diffusion_train][INFO] - epoch 1 batch 680/730 loss=8.8504e+06
[2026-07-01 13:57:54,960][amip_diffusion_train][INFO] - epoch 1 batch 700/730 loss=6.8143e+06
[2026-07-01 13:57:59,727][amip_diffusion_train][INFO] - epoch 1 batch 720/730 loss=2.3967e+06
[2026-07-01 13:58:01,394][checkpoint][WARNING] - Output directory /work/nvme/bdiu/awikner/physicsnemo/examples/weather/ai_rossby/checkpoints_convergence_19852638 does not exist, will attempt to create
[2026-07-01 13:58:01,696][checkpoint][INFO] - Saved model state dictionary: /work/nvme/bdiu/awikner/physicsnemo/examples/weather/ai_rossby/checkpoints_convergence_19852638/AmipDiTWrapper.0.1.mdlus
[2026-07-01 13:58:01,752][checkpoint][INFO] - Saved training checkpoint: /work/nvme/bdiu/awikner/physicsnemo/examples/weather/ai_rossby/checkpoints_convergence_19852638/checkpoint.0.1.pt
[2026-07-01 13:58:03,401][amip_diffusion_train][INFO] - epoch 2 batch 0/730 loss=3.1084e+06
[2026-07-01 13:58:07,016][amip_diffusion_train][INFO] - epoch 2 batch 20/730 loss=4.6597e+06
[2026-07-01 13:58:11,257][amip_diffusion_train][INFO] - epoch 2 batch 40/730 loss=5.9003e+06
[2026-07-01 13:58:15,851][amip_diffusion_train][INFO] - epoch 2 batch 60/730 loss=8.4798e+06
[2026-07-01 13:58:19,869][amip_diffusion_train][INFO] - epoch 2 batch 80/730 loss=4.2148e+06
[2026-07-01 13:58:23,818][amip_diffusion_train][INFO] - epoch 2 batch 100/730 loss=5.5285e+06
[2026-07-01 13:58:28,307][amip_diffusion_train][INFO] - epoch 2 batch 120/730 loss=5.6664e+06
[2026-07-01 13:58:32,416][amip_diffusion_train][INFO] - epoch 2 batch 140/730 loss=9.1681e+06
[2026-07-01 13:58:37,014][amip_diffusion_train][INFO] - epoch 2 batch 160/730 loss=6.1450e+06
[2026-07-01 13:58:41,267][amip_diffusion_train][INFO] - epoch 2 batch 180/730 loss=6.1620e+06
[2026-07-01 13:58:45,081][amip_diffusion_train][INFO] - epoch 2 batch 200/730 loss=3.2907e+06
[2026-07-01 13:58:49,726][amip_diffusion_train][INFO] - epoch 2 batch 220/730 loss=6.7290e+06
[2026-07-01 13:58:53,826][amip_diffusion_train][INFO] - epoch 2 batch 240/730 loss=5.9471e+06
[2026-07-01 13:58:58,014][amip_diffusion_train][INFO] - epoch 2 batch 260/730 loss=4.1796e+06
[2026-07-01 13:59:02,326][amip_diffusion_train][INFO] - epoch 2 batch 280/730 loss=8.6194e+06
[2026-07-01 13:59:06,339][amip_diffusion_train][INFO] - epoch 2 batch 300/730 loss=9.9787e+06
[2026-07-01 13:59:10,476][amip_diffusion_train][INFO] - epoch 2 batch 320/730 loss=6.2471e+06
[2026-07-01 13:59:14,832][amip_diffusion_train][INFO] - epoch 2 batch 340/730 loss=5.1910e+06
[2026-07-01 13:59:18,991][amip_diffusion_train][INFO] - epoch 2 batch 360/730 loss=7.1044e+06
[2026-07-01 13:59:23,617][amip_diffusion_train][INFO] - epoch 2 batch 380/730 loss=8.7442e+06
[2026-07-01 13:59:27,710][amip_diffusion_train][INFO] - epoch 2 batch 400/730 loss=5.4733e+06
[2026-07-01 13:59:31,954][amip_diffusion_train][INFO] - epoch 2 batch 420/730 loss=7.2490e+06
[2026-07-01 13:59:36,390][amip_diffusion_train][INFO] - epoch 2 batch 440/730 loss=7.2525e+06
[2026-07-01 13:59:40,280][amip_diffusion_train][INFO] - epoch 2 batch 460/730 loss=5.2929e+06
[2026-07-01 13:59:44,474][amip_diffusion_train][INFO] - epoch 2 batch 480/730 loss=5.0923e+06
[2026-07-01 13:59:48,898][amip_diffusion_train][INFO] - epoch 2 batch 500/730 loss=4.7984e+06
[2026-07-01 13:59:52,609][amip_diffusion_train][INFO] - epoch 2 batch 520/730 loss=8.5379e+06
[2026-07-01 13:59:56,789][amip_diffusion_train][INFO] - epoch 2 batch 540/730 loss=7.0957e+06
[2026-07-01 14:00:00,949][amip_diffusion_train][INFO] - epoch 2 batch 560/730 loss=8.9404e+06
[2026-07-01 14:00:05,625][amip_diffusion_train][INFO] - epoch 2 batch 580/730 loss=4.5622e+06
[2026-07-01 14:00:09,822][amip_diffusion_train][INFO] - epoch 2 batch 600/730 loss=9.0968e+06
[2026-07-01 14:00:14,374][amip_diffusion_train][INFO] - epoch 2 batch 620/730 loss=1.5641e+06
[2026-07-01 14:00:18,330][amip_diffusion_train][INFO] - epoch 2 batch 640/730 loss=1.7220e+06
[2026-07-01 14:00:22,936][amip_diffusion_train][INFO] - epoch 2 batch 660/730 loss=6.8854e+06
[2026-07-01 14:00:27,379][amip_diffusion_train][INFO] - epoch 2 batch 680/730 loss=5.0817e+06
[2026-07-01 14:00:32,087][amip_diffusion_train][INFO] - epoch 2 batch 700/730 loss=2.5294e+06
[2026-07-01 14:00:36,204][amip_diffusion_train][INFO] - epoch 2 batch 720/730 loss=7.7196e+06
[2026-07-01 14:00:37,737][checkpoint][INFO] - Saved model state dictionary: /work/nvme/bdiu/awikner/physicsnemo/examples/weather/ai_rossby/checkpoints_convergence_19852638/AmipDiTWrapper.0.2.mdlus
[2026-07-01 14:00:37,833][checkpoint][INFO] - Saved training checkpoint: /work/nvme/bdiu/awikner/physicsnemo/examples/weather/ai_rossby/checkpoints_convergence_19852638/checkpoint.0.2.pt
[2026-07-01 14:00:39,235][amip_diffusion_train][INFO] - epoch 3 batch 0/730 loss=8.0325e+06
[2026-07-01 14:00:44,704][amip_diffusion_train][INFO] - epoch 3 batch 20/730 loss=6.7969e+06
[2026-07-01 14:00:50,049][amip_diffusion_train][INFO] - epoch 3 batch 40/730 loss=5.6006e+06
[2026-07-01 14:00:55,576][amip_diffusion_train][INFO] - epoch 3 batch 60/730 loss=3.9630e+06
[2026-07-01 14:00:59,610][amip_diffusion_train][INFO] - epoch 3 batch 80/730 loss=5.0012e+06
[2026-07-01 14:01:03,696][amip_diffusion_train][INFO] - epoch 3 batch 100/730 loss=2.2310e+06
[2026-07-01 14:01:07,765][amip_diffusion_train][INFO] - epoch 3 batch 120/730 loss=4.9316e+06
[2026-07-01 14:01:11,985][amip_diffusion_train][INFO] - epoch 3 batch 140/730 loss=4.8347e+06
[2026-07-01 14:01:16,436][amip_diffusion_train][INFO] - epoch 3 batch 160/730 loss=7.7917e+06
[2026-07-01 14:01:20,106][amip_diffusion_train][INFO] - epoch 3 batch 180/730 loss=6.1516e+06
[2026-07-01 14:01:24,182][amip_diffusion_train][INFO] - epoch 3 batch 200/730 loss=1.0570e+06
[2026-07-01 14:01:28,820][amip_diffusion_train][INFO] - epoch 3 batch 220/730 loss=8.5599e+06
[2026-07-01 14:01:33,109][amip_diffusion_train][INFO] - epoch 3 batch 240/730 loss=4.5308e+06
[2026-07-01 14:01:37,421][amip_diffusion_train][INFO] - epoch 3 batch 260/730 loss=7.3633e+06
[2026-07-01 14:01:41,746][amip_diffusion_train][INFO] - epoch 3 batch 280/730 loss=3.1182e+06
[2026-07-01 14:01:46,074][amip_diffusion_train][INFO] - epoch 3 batch 300/730 loss=3.8643e+06
[2026-07-01 14:01:50,540][amip_diffusion_train][INFO] - epoch 3 batch 320/730 loss=7.5906e+06
[2026-07-01 14:01:55,071][amip_diffusion_train][INFO] - epoch 3 batch 340/730 loss=4.6538e+06
[2026-07-01 14:01:59,309][amip_diffusion_train][INFO] - epoch 3 batch 360/730 loss=4.4413e+06
[2026-07-01 14:02:03,749][amip_diffusion_train][INFO] - epoch 3 batch 380/730 loss=3.1743e+06
[2026-07-01 14:02:07,840][amip_diffusion_train][INFO] - epoch 3 batch 400/730 loss=6.4775e+06
[2026-07-01 14:02:12,349][amip_diffusion_train][INFO] - epoch 3 batch 420/730 loss=3.1813e+06
[2026-07-01 14:02:16,498][amip_diffusion_train][INFO] - epoch 3 batch 440/730 loss=4.3964e+06
[2026-07-01 14:02:20,837][amip_diffusion_train][INFO] - epoch 3 batch 460/730 loss=5.4374e+06
[2026-07-01 14:02:24,892][amip_diffusion_train][INFO] - epoch 3 batch 480/730 loss=3.2039e+06
[2026-07-01 14:02:29,141][amip_diffusion_train][INFO] - epoch 3 batch 500/730 loss=8.4381e+06
[2026-07-01 14:02:33,195][amip_diffusion_train][INFO] - epoch 3 batch 520/730 loss=2.0624e+06
[2026-07-01 14:02:38,008][amip_diffusion_train][INFO] - epoch 3 batch 540/730 loss=8.5134e+06
[2026-07-01 14:02:42,008][amip_diffusion_train][INFO] - epoch 3 batch 560/730 loss=6.7134e+06
[2026-07-01 14:02:46,146][amip_diffusion_train][INFO] - epoch 3 batch 580/730 loss=5.6254e+06
[2026-07-01 14:02:51,014][amip_diffusion_train][INFO] - epoch 3 batch 600/730 loss=7.9364e+06
[2026-07-01 14:02:55,067][amip_diffusion_train][INFO] - epoch 3 batch 620/730 loss=7.1483e+06
[2026-07-01 14:02:59,258][amip_diffusion_train][INFO] - epoch 3 batch 640/730 loss=1.8660e+06
[2026-07-01 14:03:03,414][amip_diffusion_train][INFO] - epoch 3 batch 660/730 loss=5.0001e+06
[2026-07-01 14:03:07,768][amip_diffusion_train][INFO] - epoch 3 batch 680/730 loss=6.4475e+06
[2026-07-01 14:03:11,721][amip_diffusion_train][INFO] - epoch 3 batch 700/730 loss=5.0193e+06
[2026-07-01 14:03:15,852][amip_diffusion_train][INFO] - epoch 3 batch 720/730 loss=6.4622e+06
[2026-07-01 14:03:17,434][checkpoint][INFO] - Saved model state dictionary: /work/nvme/bdiu/awikner/physicsnemo/examples/weather/ai_rossby/checkpoints_convergence_19852638/AmipDiTWrapper.0.3.mdlus
[2026-07-01 14:03:17,504][checkpoint][INFO] - Saved training checkpoint: /work/nvme/bdiu/awikner/physicsnemo/examples/weather/ai_rossby/checkpoints_convergence_19852638/checkpoint.0.3.pt
[2026-07-01 14:03:18,688][amip_diffusion_train][INFO] - epoch 4 batch 0/730 loss=3.9947e+06
[2026-07-01 14:03:23,114][amip_diffusion_train][INFO] - epoch 4 batch 20/730 loss=4.9612e+06
[2026-07-01 14:03:26,859][amip_diffusion_train][INFO] - epoch 4 batch 40/730 loss=5.4454e+06
[2026-07-01 14:03:31,752][amip_diffusion_train][INFO] - epoch 4 batch 60/730 loss=6.1889e+06
[2026-07-01 14:03:36,147][amip_diffusion_train][INFO] - epoch 4 batch 80/730 loss=5.0961e+06
[2026-07-01 14:03:40,694][amip_diffusion_train][INFO] - epoch 4 batch 100/730 loss=6.2657e+06
[2026-07-01 14:03:44,762][amip_diffusion_train][INFO] - epoch 4 batch 120/730 loss=4.9313e+06
[2026-07-01 14:03:48,953][amip_diffusion_train][INFO] - epoch 4 batch 140/730 loss=6.5976e+06
[2026-07-01 14:03:52,933][amip_diffusion_train][INFO] - epoch 4 batch 160/730 loss=4.0346e+06
[2026-07-01 14:03:57,498][amip_diffusion_train][INFO] - epoch 4 batch 180/730 loss=1.0648e+07
[2026-07-01 14:04:01,791][amip_diffusion_train][INFO] - epoch 4 batch 200/730 loss=5.6258e+06
[2026-07-01 14:04:06,183][amip_diffusion_train][INFO] - epoch 4 batch 220/730 loss=6.4906e+06
[2026-07-01 14:04:10,201][amip_diffusion_train][INFO] - epoch 4 batch 240/730 loss=4.3115e+06
[2026-07-01 14:04:14,287][amip_diffusion_train][INFO] - epoch 4 batch 260/730 loss=6.4234e+06
[2026-07-01 14:04:18,731][amip_diffusion_train][INFO] - epoch 4 batch 280/730 loss=4.6775e+06
[2026-07-01 14:04:23,189][amip_diffusion_train][INFO] - epoch 4 batch 300/730 loss=2.4759e+06
[2026-07-01 14:04:27,174][amip_diffusion_train][INFO] - epoch 4 batch 320/730 loss=6.5622e+06
[2026-07-01 14:04:31,387][amip_diffusion_train][INFO] - epoch 4 batch 340/730 loss=9.8466e+06
[2026-07-01 14:04:35,794][amip_diffusion_train][INFO] - epoch 4 batch 360/730 loss=6.6979e+06
[2026-07-01 14:04:39,989][amip_diffusion_train][INFO] - epoch 4 batch 380/730 loss=9.6524e+06
[2026-07-01 14:04:44,725][amip_diffusion_train][INFO] - epoch 4 batch 400/730 loss=5.8538e+06
[2026-07-01 14:04:48,576][amip_diffusion_train][INFO] - epoch 4 batch 420/730 loss=6.2874e+06
[2026-07-01 14:04:53,126][amip_diffusion_train][INFO] - epoch 4 batch 440/730 loss=5.5663e+06
[2026-07-01 14:04:57,337][amip_diffusion_train][INFO] - epoch 4 batch 460/730 loss=9.4231e+06
[2026-07-01 14:05:01,859][amip_diffusion_train][INFO] - epoch 4 batch 480/730 loss=7.5610e+06
[2026-07-01 14:05:06,121][amip_diffusion_train][INFO] - epoch 4 batch 500/730 loss=2.9650e+06
[2026-07-01 14:05:10,693][amip_diffusion_train][INFO] - epoch 4 batch 520/730 loss=4.7683e+06
[2026-07-01 14:05:14,624][amip_diffusion_train][INFO] - epoch 4 batch 540/730 loss=1.9738e+06
[2026-07-01 14:05:18,892][amip_diffusion_train][INFO] - epoch 4 batch 560/730 loss=8.2480e+06
[2026-07-01 14:05:23,795][amip_diffusion_train][INFO] - epoch 4 batch 580/730 loss=6.1159e+06
[2026-07-01 14:05:27,805][amip_diffusion_train][INFO] - epoch 4 batch 600/730 loss=5.3263e+06
[2026-07-01 14:05:32,224][amip_diffusion_train][INFO] - epoch 4 batch 620/730 loss=4.0167e+06
[2026-07-01 14:05:36,439][amip_diffusion_train][INFO] - epoch 4 batch 640/730 loss=5.2274e+06
[2026-07-01 14:05:41,187][amip_diffusion_train][INFO] - epoch 4 batch 660/730 loss=4.1082e+06
[2026-07-01 14:05:45,218][amip_diffusion_train][INFO] - epoch 4 batch 680/730 loss=8.0998e+06
[2026-07-01 14:05:49,660][amip_diffusion_train][INFO] - epoch 4 batch 700/730 loss=4.5841e+06
[2026-07-01 14:05:53,774][amip_diffusion_train][INFO] - epoch 4 batch 720/730 loss=3.6102e+06
[2026-07-01 14:05:55,206][checkpoint][INFO] - Saved model state dictionary: /work/nvme/bdiu/awikner/physicsnemo/examples/weather/ai_rossby/checkpoints_convergence_19852638/AmipDiTWrapper.0.4.mdlus
[2026-07-01 14:05:55,286][checkpoint][INFO] - Saved training checkpoint: /work/nvme/bdiu/awikner/physicsnemo/examples/weather/ai_rossby/checkpoints_convergence_19852638/checkpoint.0.4.pt
[2026-07-01 14:05:56,816][amip_diffusion_train][INFO] - epoch 5 batch 0/730 loss=5.6064e+06
[2026-07-01 14:06:01,418][amip_diffusion_train][INFO] - epoch 5 batch 20/730 loss=9.8624e+06
[2026-07-01 14:06:05,550][amip_diffusion_train][INFO] - epoch 5 batch 40/730 loss=4.8006e+06
[2026-07-01 14:06:10,024][amip_diffusion_train][INFO] - epoch 5 batch 60/730 loss=5.3213e+06
[2026-07-01 14:06:13,589][amip_diffusion_train][INFO] - epoch 5 batch 80/730 loss=5.5693e+06
[2026-07-01 14:06:18,036][amip_diffusion_train][INFO] - epoch 5 batch 100/730 loss=4.2637e+06
[2026-07-01 14:06:21,953][amip_diffusion_train][INFO] - epoch 5 batch 120/730 loss=6.5396e+06
[2026-07-01 14:06:26,477][amip_diffusion_train][INFO] - epoch 5 batch 140/730 loss=3.5942e+06
[2026-07-01 14:06:30,680][amip_diffusion_train][INFO] - epoch 5 batch 160/730 loss=3.2674e+06
[2026-07-01 14:06:35,336][amip_diffusion_train][INFO] - epoch 5 batch 180/730 loss=6.0973e+06
[2026-07-01 14:06:39,972][amip_diffusion_train][INFO] - epoch 5 batch 200/730 loss=6.4988e+06
[2026-07-01 14:06:44,447][amip_diffusion_train][INFO] - epoch 5 batch 220/730 loss=8.5109e+06
[2026-07-01 14:06:48,289][amip_diffusion_train][INFO] - epoch 5 batch 240/730 loss=2.9964e+06
[2026-07-01 14:06:52,685][amip_diffusion_train][INFO] - epoch 5 batch 260/730 loss=5.8754e+06
[2026-07-01 14:06:57,225][amip_diffusion_train][INFO] - epoch 5 batch 280/730 loss=5.1185e+06
[2026-07-01 14:07:01,706][amip_diffusion_train][INFO] - epoch 5 batch 300/730 loss=7.1923e+06
[2026-07-01 14:07:05,928][amip_diffusion_train][INFO] - epoch 5 batch 320/730 loss=4.9954e+06
[2026-07-01 14:07:10,310][amip_diffusion_train][INFO] - epoch 5 batch 340/730 loss=7.2897e+06
[2026-07-01 14:07:14,242][amip_diffusion_train][INFO] - epoch 5 batch 360/730 loss=9.1264e+06
[2026-07-01 14:07:18,619][amip_diffusion_train][INFO] - epoch 5 batch 380/730 loss=5.2758e+06
[2026-07-01 14:07:22,972][amip_diffusion_train][INFO] - epoch 5 batch 400/730 loss=6.4934e+06
[2026-07-01 14:07:27,343][amip_diffusion_train][INFO] - epoch 5 batch 420/730 loss=7.7791e+06
[2026-07-01 14:07:31,750][amip_diffusion_train][INFO] - epoch 5 batch 440/730 loss=5.1690e+06
[2026-07-01 14:07:35,750][amip_diffusion_train][INFO] - epoch 5 batch 460/730 loss=3.9003e+06
[2026-07-01 14:07:40,279][amip_diffusion_train][INFO] - epoch 5 batch 480/730 loss=3.3959e+06
[2026-07-01 14:07:44,751][amip_diffusion_train][INFO] - epoch 5 batch 500/730 loss=5.4915e+06
[2026-07-01 14:07:49,062][amip_diffusion_train][INFO] - epoch 5 batch 520/730 loss=5.0657e+06
[2026-07-01 14:07:53,387][amip_diffusion_train][INFO] - epoch 5 batch 540/730 loss=6.3401e+06
[2026-07-01 14:07:57,783][amip_diffusion_train][INFO] - epoch 5 batch 560/730 loss=6.1600e+06
[2026-07-01 14:08:02,428][amip_diffusion_train][INFO] - epoch 5 batch 580/730 loss=9.3565e+06
[2026-07-01 14:08:07,216][amip_diffusion_train][INFO] - epoch 5 batch 600/730 loss=9.5963e+06
[2026-07-01 14:08:10,949][amip_diffusion_train][INFO] - epoch 5 batch 620/730 loss=3.7712e+06
[2026-07-01 14:08:15,204][amip_diffusion_train][INFO] - epoch 5 batch 640/730 loss=2.2978e+06
[2026-07-01 14:08:19,986][amip_diffusion_train][INFO] - epoch 5 batch 660/730 loss=6.6857e+06
[2026-07-01 14:08:24,509][amip_diffusion_train][INFO] - epoch 5 batch 680/730 loss=6.1325e+06
[2026-07-01 14:08:29,063][amip_diffusion_train][INFO] - epoch 5 batch 700/730 loss=3.4797e+06
[2026-07-01 14:08:33,062][amip_diffusion_train][INFO] - epoch 5 batch 720/730 loss=3.9416e+06
[2026-07-01 14:08:34,682][checkpoint][INFO] - Saved model state dictionary: /work/nvme/bdiu/awikner/physicsnemo/examples/weather/ai_rossby/checkpoints_convergence_19852638/AmipDiTWrapper.0.5.mdlus
[2026-07-01 14:08:34,768][checkpoint][INFO] - Saved training checkpoint: /work/nvme/bdiu/awikner/physicsnemo/examples/weather/ai_rossby/checkpoints_convergence_19852638/checkpoint.0.5.pt
[2026-07-01 14:08:36,070][amip_diffusion_train][INFO] - epoch 6 batch 0/730 loss=3.7022e+06
[2026-07-01 14:08:40,025][amip_diffusion_train][INFO] - epoch 6 batch 20/730 loss=9.8834e+06
[2026-07-01 14:08:44,402][amip_diffusion_train][INFO] - epoch 6 batch 40/730 loss=6.3818e+06
[2026-07-01 14:08:48,858][amip_diffusion_train][INFO] - epoch 6 batch 60/730 loss=7.8589e+06
[2026-07-01 14:08:53,234][amip_diffusion_train][INFO] - epoch 6 batch 80/730 loss=4.7942e+06
[2026-07-01 14:08:57,416][amip_diffusion_train][INFO] - epoch 6 batch 100/730 loss=6.1237e+06
[2026-07-01 14:09:01,511][amip_diffusion_train][INFO] - epoch 6 batch 120/730 loss=5.6111e+06
[2026-07-01 14:09:06,143][amip_diffusion_train][INFO] - epoch 6 batch 140/730 loss=5.9126e+06
[2026-07-01 14:09:10,354][amip_diffusion_train][INFO] - epoch 6 batch 160/730 loss=8.6807e+06
[2026-07-01 14:09:14,505][amip_diffusion_train][INFO] - epoch 6 batch 180/730 loss=5.5452e+06
[2026-07-01 14:09:18,605][amip_diffusion_train][INFO] - epoch 6 batch 200/730 loss=4.9045e+06
[2026-07-01 14:09:22,996][amip_diffusion_train][INFO] - epoch 6 batch 220/730 loss=5.3548e+06
[2026-07-01 14:09:26,973][amip_diffusion_train][INFO] - epoch 6 batch 240/730 loss=3.1005e+06
[2026-07-01 14:09:31,326][amip_diffusion_train][INFO] - epoch 6 batch 260/730 loss=5.0920e+06
[2026-07-01 14:09:35,295][amip_diffusion_train][INFO] - epoch 6 batch 280/730 loss=6.5555e+06
[2026-07-01 14:09:39,595][amip_diffusion_train][INFO] - epoch 6 batch 300/730 loss=5.8692e+06
[2026-07-01 14:09:43,890][amip_diffusion_train][INFO] - epoch 6 batch 320/730 loss=5.4265e+06
[2026-07-01 14:09:48,066][amip_diffusion_train][INFO] - epoch 6 batch 340/730 loss=6.6338e+06
[2026-07-01 14:09:52,526][amip_diffusion_train][INFO] - epoch 6 batch 360/730 loss=8.1716e+06
[2026-07-01 14:09:57,224][amip_diffusion_train][INFO] - epoch 6 batch 380/730 loss=3.8579e+06
[2026-07-01 14:10:01,315][amip_diffusion_train][INFO] - epoch 6 batch 400/730 loss=6.9141e+06
[2026-07-01 14:10:05,982][amip_diffusion_train][INFO] - epoch 6 batch 420/730 loss=6.9975e+06
[2026-07-01 14:10:09,609][amip_diffusion_train][INFO] - epoch 6 batch 440/730 loss=8.3477e+06
[2026-07-01 14:10:14,462][amip_diffusion_train][INFO] - epoch 6 batch 460/730 loss=8.2081e+06
[2026-07-01 14:10:18,872][amip_diffusion_train][INFO] - epoch 6 batch 480/730 loss=4.7886e+06
[2026-07-01 14:10:22,753][amip_diffusion_train][INFO] - epoch 6 batch 500/730 loss=7.1857e+06
[2026-07-01 14:10:27,316][amip_diffusion_train][INFO] - epoch 6 batch 520/730 loss=6.6468e+06
[2026-07-01 14:10:31,389][amip_diffusion_train][INFO] - epoch 6 batch 540/730 loss=3.3788e+06
[2026-07-01 14:10:35,368][amip_diffusion_train][INFO] - epoch 6 batch 560/730 loss=5.2779e+06
[2026-07-01 14:10:39,921][amip_diffusion_train][INFO] - epoch 6 batch 580/730 loss=7.1674e+06
[2026-07-01 14:10:43,943][amip_diffusion_train][INFO] - epoch 6 batch 600/730 loss=6.3374e+06
[2026-07-01 14:10:48,128][amip_diffusion_train][INFO] - epoch 6 batch 620/730 loss=4.5409e+06
[2026-07-01 14:10:52,567][amip_diffusion_train][INFO] - epoch 6 batch 640/730 loss=4.5561e+06
[2026-07-01 14:10:56,744][amip_diffusion_train][INFO] - epoch 6 batch 660/730 loss=2.1925e+06
[2026-07-01 14:11:01,059][amip_diffusion_train][INFO] - epoch 6 batch 680/730 loss=2.2666e+06
[2026-07-01 14:11:05,077][amip_diffusion_train][INFO] - epoch 6 batch 700/730 loss=5.0022e+06
[2026-07-01 14:11:09,357][amip_diffusion_train][INFO] - epoch 6 batch 720/730 loss=6.3236e+06
[2026-07-01 14:11:11,006][checkpoint][INFO] - Saved model state dictionary: /work/nvme/bdiu/awikner/physicsnemo/examples/weather/ai_rossby/checkpoints_convergence_19852638/AmipDiTWrapper.0.6.mdlus
[2026-07-01 14:11:11,086][checkpoint][INFO] - Saved training checkpoint: /work/nvme/bdiu/awikner/physicsnemo/examples/weather/ai_rossby/checkpoints_convergence_19852638/checkpoint.0.6.pt
[2026-07-01 14:11:12,576][amip_diffusion_train][INFO] - epoch 7 batch 0/730 loss=2.3911e+06
[2026-07-01 14:11:16,961][amip_diffusion_train][INFO] - epoch 7 batch 20/730 loss=1.7985e+06
[2026-07-01 14:11:20,675][amip_diffusion_train][INFO] - epoch 7 batch 40/730 loss=7.4335e+06
[2026-07-01 14:11:25,140][amip_diffusion_train][INFO] - epoch 7 batch 60/730 loss=8.9649e+06
[2026-07-01 14:11:29,428][amip_diffusion_train][INFO] - epoch 7 batch 80/730 loss=5.4086e+06
[2026-07-01 14:11:33,638][amip_diffusion_train][INFO] - epoch 7 batch 100/730 loss=6.4114e+06
[2026-07-01 14:11:37,920][amip_diffusion_train][INFO] - epoch 7 batch 120/730 loss=6.3883e+06
[2026-07-01 14:11:42,315][amip_diffusion_train][INFO] - epoch 7 batch 140/730 loss=1.4496e+06
[2026-07-01 14:11:46,953][amip_diffusion_train][INFO] - epoch 7 batch 160/730 loss=6.1535e+06
[2026-07-01 14:11:51,378][amip_diffusion_train][INFO] - epoch 7 batch 180/730 loss=6.3039e+06
[2026-07-01 14:11:55,237][amip_diffusion_train][INFO] - epoch 7 batch 200/730 loss=5.6895e+06
[2026-07-01 14:12:00,003][amip_diffusion_train][INFO] - epoch 7 batch 220/730 loss=2.6931e+06
[2026-07-01 14:12:04,100][amip_diffusion_train][INFO] - epoch 7 batch 240/730 loss=6.4104e+06
[2026-07-01 14:12:08,241][amip_diffusion_train][INFO] - epoch 7 batch 260/730 loss=7.8123e+06
[2026-07-01 14:12:13,078][amip_diffusion_train][INFO] - epoch 7 batch 280/730 loss=9.1810e+06
[2026-07-01 14:12:17,284][amip_diffusion_train][INFO] - epoch 7 batch 300/730 loss=5.8375e+06
[2026-07-01 14:12:21,395][amip_diffusion_train][INFO] - epoch 7 batch 320/730 loss=4.2707e+06
[2026-07-01 14:12:25,445][amip_diffusion_train][INFO] - epoch 7 batch 340/730 loss=7.8530e+06
[2026-07-01 14:12:29,747][amip_diffusion_train][INFO] - epoch 7 batch 360/730 loss=6.8009e+06
[2026-07-01 14:12:34,218][amip_diffusion_train][INFO] - epoch 7 batch 380/730 loss=5.6779e+06
[2026-07-01 14:12:38,024][amip_diffusion_train][INFO] - epoch 7 batch 400/730 loss=8.8620e+06
[2026-07-01 14:12:42,125][amip_diffusion_train][INFO] - epoch 7 batch 420/730 loss=8.5569e+06
[2026-07-01 14:12:46,383][amip_diffusion_train][INFO] - epoch 7 batch 440/730 loss=4.9439e+06
[2026-07-01 14:12:51,158][amip_diffusion_train][INFO] - epoch 7 batch 460/730 loss=3.1897e+06
[2026-07-01 14:12:55,054][amip_diffusion_train][INFO] - epoch 7 batch 480/730 loss=5.8488e+06
[2026-07-01 14:12:59,232][amip_diffusion_train][INFO] - epoch 7 batch 500/730 loss=9.1631e+06
[2026-07-01 14:13:03,457][amip_diffusion_train][INFO] - epoch 7 batch 520/730 loss=8.7475e+06
[2026-07-01 14:13:07,891][amip_diffusion_train][INFO] - epoch 7 batch 540/730 loss=4.6406e+06
[2026-07-01 14:13:12,042][amip_diffusion_train][INFO] - epoch 7 batch 560/730 loss=6.0139e+06
[2026-07-01 14:13:15,972][amip_diffusion_train][INFO] - epoch 7 batch 580/730 loss=4.8412e+06
[2026-07-01 14:13:20,199][amip_diffusion_train][INFO] - epoch 7 batch 600/730 loss=3.4362e+06
[2026-07-01 14:13:24,619][amip_diffusion_train][INFO] - epoch 7 batch 620/730 loss=6.9987e+06
[2026-07-01 14:13:28,852][amip_diffusion_train][INFO] - epoch 7 batch 640/730 loss=2.0994e+06
[2026-07-01 14:13:33,668][amip_diffusion_train][INFO] - epoch 7 batch 660/730 loss=9.3726e+06
[2026-07-01 14:13:37,801][amip_diffusion_train][INFO] - epoch 7 batch 680/730 loss=7.6809e+06
[2026-07-01 14:13:41,897][amip_diffusion_train][INFO] - epoch 7 batch 700/730 loss=6.8112e+06
[2026-07-01 14:13:45,966][amip_diffusion_train][INFO] - epoch 7 batch 720/730 loss=7.5174e+06
[2026-07-01 14:13:47,669][checkpoint][INFO] - Saved model state dictionary: /work/nvme/bdiu/awikner/physicsnemo/examples/weather/ai_rossby/checkpoints_convergence_19852638/AmipDiTWrapper.0.7.mdlus
[2026-07-01 14:13:47,737][checkpoint][INFO] - Saved training checkpoint: /work/nvme/bdiu/awikner/physicsnemo/examples/weather/ai_rossby/checkpoints_convergence_19852638/checkpoint.0.7.pt
[2026-07-01 14:13:49,311][amip_diffusion_train][INFO] - epoch 8 batch 0/730 loss=3.1256e+06
[2026-07-01 14:13:53,240][amip_diffusion_train][INFO] - epoch 8 batch 20/730 loss=2.3361e+06
[2026-07-01 14:13:57,431][amip_diffusion_train][INFO] - epoch 8 batch 40/730 loss=5.4653e+06
[2026-07-01 14:14:01,524][amip_diffusion_train][INFO] - epoch 8 batch 60/730 loss=2.0441e+06
[2026-07-01 14:14:06,293][amip_diffusion_train][INFO] - epoch 8 batch 80/730 loss=2.7822e+06
[2026-07-01 14:14:10,318][amip_diffusion_train][INFO] - epoch 8 batch 100/730 loss=2.5630e+06
[2026-07-01 14:14:14,640][amip_diffusion_train][INFO] - epoch 8 batch 120/730 loss=6.7614e+06
[2026-07-01 14:14:18,569][amip_diffusion_train][INFO] - epoch 8 batch 140/730 loss=3.8860e+06
[2026-07-01 14:14:22,858][amip_diffusion_train][INFO] - epoch 8 batch 160/730 loss=4.4657e+06
[2026-07-01 14:14:26,868][amip_diffusion_train][INFO] - epoch 8 batch 180/730 loss=9.6906e+06
[2026-07-01 14:14:31,133][amip_diffusion_train][INFO] - epoch 8 batch 200/730 loss=7.0194e+06
[2026-07-01 14:14:35,001][amip_diffusion_train][INFO] - epoch 8 batch 220/730 loss=7.0116e+06
[2026-07-01 14:14:39,711][amip_diffusion_train][INFO] - epoch 8 batch 240/730 loss=2.7937e+06
[2026-07-01 14:14:44,054][amip_diffusion_train][INFO] - epoch 8 batch 260/730 loss=4.8004e+06
[2026-07-01 14:14:48,115][amip_diffusion_train][INFO] - epoch 8 batch 280/730 loss=4.9714e+06
[2026-07-01 14:14:52,511][amip_diffusion_train][INFO] - epoch 8 batch 300/730 loss=7.5689e+06
[2026-07-01 14:14:57,218][amip_diffusion_train][INFO] - epoch 8 batch 320/730 loss=6.7452e+06
[2026-07-01 14:15:01,090][amip_diffusion_train][INFO] - epoch 8 batch 340/730 loss=2.0120e+06
[2026-07-01 14:15:05,281][amip_diffusion_train][INFO] - epoch 8 batch 360/730 loss=6.8181e+06
[2026-07-01 14:15:09,549][amip_diffusion_train][INFO] - epoch 8 batch 380/730 loss=7.5203e+06
[2026-07-01 14:15:13,595][amip_diffusion_train][INFO] - epoch 8 batch 400/730 loss=5.0701e+06
[2026-07-01 14:15:18,032][amip_diffusion_train][INFO] - epoch 8 batch 420/730 loss=6.8253e+06
[2026-07-01 14:15:22,273][amip_diffusion_train][INFO] - epoch 8 batch 440/730 loss=8.8265e+06
[2026-07-01 14:15:26,653][amip_diffusion_train][INFO] - epoch 8 batch 460/730 loss=3.5075e+06
[2026-07-01 14:15:30,893][amip_diffusion_train][INFO] - epoch 8 batch 480/730 loss=3.3592e+06
[2026-07-01 14:15:34,772][amip_diffusion_train][INFO] - epoch 8 batch 500/730 loss=5.0456e+06
[2026-07-01 14:15:39,198][amip_diffusion_train][INFO] - epoch 8 batch 520/730 loss=2.9556e+06
[2026-07-01 14:15:43,640][amip_diffusion_train][INFO] - epoch 8 batch 540/730 loss=4.9075e+06
[2026-07-01 14:15:47,773][amip_diffusion_train][INFO] - epoch 8 batch 560/730 loss=7.6300e+06
[2026-07-01 14:15:52,114][amip_diffusion_train][INFO] - epoch 8 batch 580/730 loss=6.6165e+06
[2026-07-01 14:15:56,472][amip_diffusion_train][INFO] - epoch 8 batch 600/730 loss=9.3804e+06
[2026-07-01 14:16:00,369][amip_diffusion_train][INFO] - epoch 8 batch 620/730 loss=7.2691e+06
[2026-07-01 14:16:04,501][amip_diffusion_train][INFO] - epoch 8 batch 640/730 loss=1.7078e+06
[2026-07-01 14:16:08,931][amip_diffusion_train][INFO] - epoch 8 batch 660/730 loss=5.3709e+06
[2026-07-01 14:16:12,654][amip_diffusion_train][INFO] - epoch 8 batch 680/730 loss=6.7111e+06
[2026-07-01 14:16:16,966][amip_diffusion_train][INFO] - epoch 8 batch 700/730 loss=4.7444e+06
[2026-07-01 14:16:21,018][amip_diffusion_train][INFO] - epoch 8 batch 720/730 loss=6.6169e+06
[2026-07-01 14:16:22,442][checkpoint][INFO] - Saved model state dictionary: /work/nvme/bdiu/awikner/physicsnemo/examples/weather/ai_rossby/checkpoints_convergence_19852638/AmipDiTWrapper.0.8.mdlus
[2026-07-01 14:16:22,541][checkpoint][INFO] - Saved training checkpoint: /work/nvme/bdiu/awikner/physicsnemo/examples/weather/ai_rossby/checkpoints_convergence_19852638/checkpoint.0.8.pt
[2026-07-01 14:16:24,100][amip_diffusion_train][INFO] - epoch 9 batch 0/730 loss=7.2798e+06
[2026-07-01 14:16:28,493][amip_diffusion_train][INFO] - epoch 9 batch 20/730 loss=1.6585e+06
[2026-07-01 14:16:33,117][amip_diffusion_train][INFO] - epoch 9 batch 40/730 loss=9.2906e+06
[2026-07-01 14:16:37,222][amip_diffusion_train][INFO] - epoch 9 batch 60/730 loss=4.8519e+06
[2026-07-01 14:16:42,316][amip_diffusion_train][INFO] - epoch 9 batch 80/730 loss=3.4858e+06
[2026-07-01 14:16:46,547][amip_diffusion_train][INFO] - epoch 9 batch 100/730 loss=6.1917e+06
[2026-07-01 14:16:50,604][amip_diffusion_train][INFO] - epoch 9 batch 120/730 loss=6.7854e+06
[2026-07-01 14:16:54,949][amip_diffusion_train][INFO] - epoch 9 batch 140/730 loss=8.1002e+06
[2026-07-01 14:16:59,034][amip_diffusion_train][INFO] - epoch 9 batch 160/730 loss=8.2738e+06
[2026-07-01 14:17:03,788][amip_diffusion_train][INFO] - epoch 9 batch 180/730 loss=4.9922e+06
[2026-07-01 14:17:08,159][amip_diffusion_train][INFO] - epoch 9 batch 200/730 loss=7.0257e+06
[2026-07-01 14:17:12,214][amip_diffusion_train][INFO] - epoch 9 batch 220/730 loss=2.8172e+06
[2026-07-01 14:17:16,289][amip_diffusion_train][INFO] - epoch 9 batch 240/730 loss=2.5348e+06
[2026-07-01 14:17:20,611][amip_diffusion_train][INFO] - epoch 9 batch 260/730 loss=8.2516e+06
[2026-07-01 14:17:25,110][amip_diffusion_train][INFO] - epoch 9 batch 280/730 loss=4.5566e+06
[2026-07-01 14:17:29,462][amip_diffusion_train][INFO] - epoch 9 batch 300/730 loss=3.2434e+06
[2026-07-01 14:17:34,355][amip_diffusion_train][INFO] - epoch 9 batch 320/730 loss=8.4603e+06
[2026-07-01 14:17:38,403][amip_diffusion_train][INFO] - epoch 9 batch 340/730 loss=4.3179e+06
[2026-07-01 14:17:42,451][amip_diffusion_train][INFO] - epoch 9 batch 360/730 loss=6.5075e+06
[2026-07-01 14:17:46,848][amip_diffusion_train][INFO] - epoch 9 batch 380/730 loss=5.3654e+06
[2026-07-01 14:17:51,826][amip_diffusion_train][INFO] - epoch 9 batch 400/730 loss=4.3809e+06
[2026-07-01 14:17:56,134][amip_diffusion_train][INFO] - epoch 9 batch 420/730 loss=5.7173e+06
[2026-07-01 14:18:00,215][amip_diffusion_train][INFO] - epoch 9 batch 440/730 loss=6.7268e+06
[2026-07-01 14:18:04,723][amip_diffusion_train][INFO] - epoch 9 batch 460/730 loss=5.6890e+06
[2026-07-01 14:18:08,938][amip_diffusion_train][INFO] - epoch 9 batch 480/730 loss=6.0723e+06
[2026-07-01 14:18:13,274][amip_diffusion_train][INFO] - epoch 9 batch 500/730 loss=6.6118e+06
[2026-07-01 14:18:17,547][amip_diffusion_train][INFO] - epoch 9 batch 520/730 loss=4.5064e+06
[2026-07-01 14:18:22,046][amip_diffusion_train][INFO] - epoch 9 batch 540/730 loss=4.0956e+06
[2026-07-01 14:18:26,200][amip_diffusion_train][INFO] - epoch 9 batch 560/730 loss=8.1721e+06
[2026-07-01 14:18:30,103][amip_diffusion_train][INFO] - epoch 9 batch 580/730 loss=8.2366e+06
[2026-07-01 14:18:34,678][amip_diffusion_train][INFO] - epoch 9 batch 600/730 loss=8.5071e+06
[2026-07-01 14:18:39,239][amip_diffusion_train][INFO] - epoch 9 batch 620/730 loss=2.6875e+06
[2026-07-01 14:18:43,149][amip_diffusion_train][INFO] - epoch 9 batch 640/730 loss=9.5574e+06
[2026-07-01 14:18:47,874][amip_diffusion_train][INFO] - epoch 9 batch 660/730 loss=5.4036e+06
[2026-07-01 14:18:52,078][amip_diffusion_train][INFO] - epoch 9 batch 680/730 loss=7.0162e+06
[2026-07-01 14:18:56,343][amip_diffusion_train][INFO] - epoch 9 batch 700/730 loss=6.9193e+06
[2026-07-01 14:19:00,436][amip_diffusion_train][INFO] - epoch 9 batch 720/730 loss=4.9639e+06
[2026-07-01 14:19:02,086][checkpoint][INFO] - Saved model state dictionary: /work/nvme/bdiu/awikner/physicsnemo/examples/weather/ai_rossby/checkpoints_convergence_19852638/AmipDiTWrapper.0.9.mdlus
[2026-07-01 14:19:02,149][checkpoint][INFO] - Saved training checkpoint: /work/nvme/bdiu/awikner/physicsnemo/examples/weather/ai_rossby/checkpoints_convergence_19852638/checkpoint.0.9.pt
[2026-07-01 14:19:03,951][amip_diffusion_train][INFO] - epoch 10 batch 0/730 loss=5.7600e+06
[2026-07-01 14:19:07,594][amip_diffusion_train][INFO] - epoch 10 batch 20/730 loss=5.1589e+06
[2026-07-01 14:19:11,659][amip_diffusion_train][INFO] - epoch 10 batch 40/730 loss=8.3953e+06
[2026-07-01 14:19:16,335][amip_diffusion_train][INFO] - epoch 10 batch 60/730 loss=7.7533e+06
[2026-07-01 14:19:20,222][amip_diffusion_train][INFO] - epoch 10 batch 80/730 loss=7.7969e+06
[2026-07-01 14:19:24,427][amip_diffusion_train][INFO] - epoch 10 batch 100/730 loss=4.3020e+06
[2026-07-01 14:19:28,629][amip_diffusion_train][INFO] - epoch 10 batch 120/730 loss=7.9564e+06
[2026-07-01 14:19:33,001][amip_diffusion_train][INFO] - epoch 10 batch 140/730 loss=7.2850e+06
[2026-07-01 14:19:36,850][amip_diffusion_train][INFO] - epoch 10 batch 160/730 loss=6.3865e+06
[2026-07-01 14:19:41,059][amip_diffusion_train][INFO] - epoch 10 batch 180/730 loss=4.2486e+06
[2026-07-01 14:19:45,656][amip_diffusion_train][INFO] - epoch 10 batch 200/730 loss=5.4586e+06
[2026-07-01 14:19:49,525][amip_diffusion_train][INFO] - epoch 10 batch 220/730 loss=7.7503e+06
[2026-07-01 14:19:53,627][amip_diffusion_train][INFO] - epoch 10 batch 240/730 loss=2.9194e+06
[2026-07-01 14:19:58,154][amip_diffusion_train][INFO] - epoch 10 batch 260/730 loss=5.0561e+06
[2026-07-01 14:20:02,329][amip_diffusion_train][INFO] - epoch 10 batch 280/730 loss=5.6215e+06
[2026-07-01 14:20:06,286][amip_diffusion_train][INFO] - epoch 10 batch 300/730 loss=3.4814e+06
[2026-07-01 14:20:10,506][amip_diffusion_train][INFO] - epoch 10 batch 320/730 loss=5.4407e+06
[2026-07-01 14:20:14,737][amip_diffusion_train][INFO] - epoch 10 batch 340/730 loss=5.3173e+06
[2026-07-01 14:20:19,257][amip_diffusion_train][INFO] - epoch 10 batch 360/730 loss=6.4825e+06
[2026-07-01 14:20:23,904][amip_diffusion_train][INFO] - epoch 10 batch 380/730 loss=5.1257e+06
[2026-07-01 14:20:27,925][amip_diffusion_train][INFO] - epoch 10 batch 400/730 loss=2.0881e+06
[2026-07-01 14:20:32,158][amip_diffusion_train][INFO] - epoch 10 batch 420/730 loss=4.0727e+06
[2026-07-01 14:20:36,862][amip_diffusion_train][INFO] - epoch 10 batch 440/730 loss=6.7558e+06
[2026-07-01 14:20:41,127][amip_diffusion_train][INFO] - epoch 10 batch 460/730 loss=5.6346e+06
[2026-07-01 14:20:45,281][amip_diffusion_train][INFO] - epoch 10 batch 480/730 loss=4.7782e+06
[2026-07-01 14:20:49,225][amip_diffusion_train][INFO] - epoch 10 batch 500/730 loss=6.2127e+06
[2026-07-01 14:20:53,810][amip_diffusion_train][INFO] - epoch 10 batch 520/730 loss=2.7688e+06
[2026-07-01 14:20:58,240][amip_diffusion_train][INFO] - epoch 10 batch 540/730 loss=8.3015e+06
[2026-07-01 14:21:02,175][amip_diffusion_train][INFO] - epoch 10 batch 560/730 loss=2.3692e+06
[2026-07-01 14:21:06,411][amip_diffusion_train][INFO] - epoch 10 batch 580/730 loss=4.6701e+06
[2026-07-01 14:21:10,737][amip_diffusion_train][INFO] - epoch 10 batch 600/730 loss=5.0708e+06
[2026-07-01 14:21:15,303][amip_diffusion_train][INFO] - epoch 10 batch 620/730 loss=5.5499e+06
[2026-07-01 14:21:19,350][amip_diffusion_train][INFO] - epoch 10 batch 640/730 loss=4.1725e+06
[2026-07-01 14:21:23,913][amip_diffusion_train][INFO] - epoch 10 batch 660/730 loss=6.7302e+06
[2026-07-01 14:21:28,623][amip_diffusion_train][INFO] - epoch 10 batch 680/730 loss=8.4552e+06
[2026-07-01 14:21:32,475][amip_diffusion_train][INFO] - epoch 10 batch 700/730 loss=4.4158e+06
[2026-07-01 14:21:36,538][amip_diffusion_train][INFO] - epoch 10 batch 720/730 loss=6.1919e+06
[2026-07-01 14:21:38,029][amip_diffusion_train][INFO] - peak GPU memory: 1.77 GB
[2026-07-01 14:21:38,068][checkpoint][INFO] - Saved model state dictionary: /work/nvme/bdiu/awikner/physicsnemo/examples/weather/ai_rossby/checkpoints_convergence_19852638/AmipDiTWrapper.0.10.mdlus
[2026-07-01 14:21:38,124][checkpoint][INFO] - Saved training checkpoint: /work/nvme/bdiu/awikner/physicsnemo/examples/weather/ai_rossby/checkpoints_convergence_19852638/checkpoint.0.10.pt
[2026-07-01 14:21:38,124][amip_diffusion_train][INFO] - peak GPU memory: 1.77 GB

=== convergence TSV: /work/hdd/bdiu/awikner/amip_si_convergence/loss_19852638.tsv
epoch 1 mean loss = 6.0217e+06, epoch 10 mean loss = 5.7440e+06 (-4.6%) — DECREASING (converging)
Traceback (most recent call last):
  File "/work/nvme/bdiu/awikner/physicsnemo/benchmarks/physicsnemo/experimental/models/amip_si/plot_convergence.py", line 90, in <module>
    main()
  File "/work/nvme/bdiu/awikner/physicsnemo/benchmarks/physicsnemo/experimental/models/amip_si/plot_convergence.py", line 69, in main
    import matplotlib
ModuleNotFoundError: No module named 'matplotlib'
