AWS OFI NCCL Plugin v1.14.2 loaded
Built with libfabric 1.22.0 and CUDA 12.8
Configured for Cray CXI interconnect
Plugin: /sw/rh9.4/user/aws-ofi-nccl-1.14.2-lf1.22.0-cu12.8/lib/libnccl-net.so
W0701 13:48:37.102000 1959048 torch/distributed/run.py:851] 
W0701 13:48:37.102000 1959048 torch/distributed/run.py:851] *****************************************
W0701 13:48:37.102000 1959048 torch/distributed/run.py:851] Setting OMP_NUM_THREADS environment variable for each process to be 1 in default, to avoid your system being overloaded, please further tune the variable for optimal performance in your application as needed. 
W0701 13:48:37.102000 1959048 torch/distributed/run.py:851] *****************************************
/work/nvme/bdiu/awikner/physicsnemo/examples/weather/ai_rossby/train_diffusion.py:50: ExperimentalFeatureWarning: You are importing from 'physicsnemo.experimental'. The APIs in this namespace are experimental, under active development, and may change without notice. Expect possible back-compatibility breaking changes and only partial test coverage.
  from physicsnemo.experimental.datapipes.climate import (
/work/nvme/bdiu/awikner/physicsnemo/examples/weather/ai_rossby/train_diffusion.py:50: ExperimentalFeatureWarning: You are importing from 'physicsnemo.experimental'. The APIs in this namespace are experimental, under active development, and may change without notice. Expect possible back-compatibility breaking changes and only partial test coverage.
  from physicsnemo.experimental.datapipes.climate import (
Could not override 'checkpoint_dir'.
To append to your config use +checkpoint_dir=./checkpoints_convergence_19852628
Key 'checkpoint_dir' is not in struct
    full_key: checkpoint_dir
    object_type=dict

Set the environment variable HYDRA_FULL_ERROR=1 for a complete stack trace.
Could not override 'checkpoint_dir'.
To append to your config use +checkpoint_dir=./checkpoints_convergence_19852628
Key 'checkpoint_dir' is not in struct
    full_key: checkpoint_dir
    object_type=dict

Set the environment variable HYDRA_FULL_ERROR=1 for a complete stack trace.
W0701 13:48:51.962000 1959048 torch/distributed/elastic/multiprocessing/api.py:1012] Sending process 1959158 closing signal SIGTERM
E0701 13:48:51.995000 1959048 torch/distributed/elastic/multiprocessing/api.py:986] failed (exitcode: 1) local_rank: 1 (pid: 1959159) of binary: /work/nvme/bdiu/awikner/physicsnemo/.venv/bin/python
Traceback (most recent call last):
  File "/work/nvme/bdiu/awikner/physicsnemo/.venv/bin/torchrun", line 10, in <module>
    sys.exit(main())
             ^^^^^^
  File "/work/nvme/bdiu/awikner/physicsnemo/.venv/lib/python3.12/site-packages/torch/distributed/elastic/multiprocessing/errors/__init__.py", line 362, in wrapper
    return f(*args, **kwargs)
           ^^^^^^^^^^^^^^^^^^
  File "/work/nvme/bdiu/awikner/physicsnemo/.venv/lib/python3.12/site-packages/torch/distributed/run.py", line 990, in main
    run(args)
  File "/work/nvme/bdiu/awikner/physicsnemo/.venv/lib/python3.12/site-packages/torch/distributed/run.py", line 981, in run
    elastic_launch(
  File "/work/nvme/bdiu/awikner/physicsnemo/.venv/lib/python3.12/site-packages/torch/distributed/launcher/api.py", line 170, in __call__
    return launch_agent(self._config, self._entrypoint, list(args))
           ^^^^^^^^^^^^^^^^^^^^^^^^^^^^^^^^^^^^^^^^^^^^^^^^^^^^^^^^
  File "/work/nvme/bdiu/awikner/physicsnemo/.venv/lib/python3.12/site-packages/torch/distributed/launcher/api.py", line 317, in launch_agent
    raise ChildFailedError(
torch.distributed.elastic.multiprocessing.errors.ChildFailedError: 
============================================================
train_diffusion.py FAILED
------------------------------------------------------------
Failures:
[1]:
  time      : 2026-07-01_13:48:51
  host      : gpub001.delta.ncsa.illinois.edu
  rank      : 0 (local_rank: 0)
  exitcode  : 1 (pid: 1959158)
  error_file: <N/A>
  traceback : To enable traceback see: https://pytorch.org/docs/stable/elastic/errors.html
------------------------------------------------------------
Root Cause (first observed failure):
[0]:
  time      : 2026-07-01_13:48:51
  host      : gpub001.delta.ncsa.illinois.edu
  rank      : 1 (local_rank: 1)
  exitcode  : 1 (pid: 1959159)
  error_file: <N/A>
  traceback : To enable traceback see: https://pytorch.org/docs/stable/elastic/errors.html
============================================================
