[Thu Jun 18 14:09:21 CDT 2026] converting E3SM year 2015 ...
2026-06-18 14:09:25,856 INFO __main__ year 2015: 1460 sample files in [0, 1460)
2026-06-18 14:09:25,856 INFO __main__ loading per-file H5 reads across 64 workers
2026-06-18 14:09:34,292 INFO __main__ loaded 200 / 1460
2026-06-18 14:09:45,717 INFO __main__ loaded 400 / 1460
2026-06-18 14:09:53,956 INFO __main__ loaded 600 / 1460
2026-06-18 14:10:04,008 INFO __main__ loaded 800 / 1460
2026-06-18 14:10:15,133 INFO __main__ loaded 1000 / 1460
2026-06-18 14:10:23,620 INFO __main__ loaded 1200 / 1460
2026-06-18 14:10:31,518 INFO __main__ loaded 1400 / 1460
2026-06-18 14:10:45,521 INFO __main__ writing Zarr to /work/hdd/bdiu/awikner/physicsnemo-zarr/e3sm/2015.zarr
/work/nvme/bdiu/awikner/physicsnemo/.venv/lib/python3.12/site-packages/zarr/api/asynchronous.py:231: ZarrUserWarning: Consolidated metadata is currently not part in the Zarr format 3 specification. It may not be supported by other zarr implementations and may change in the future.
  warnings.warn(
2026-06-18 14:12:20,950 INFO __main__ done: 16 vars, 1460 timesteps
[Thu Jun 18 14:12:23 CDT 2026] converting E3SM year 2016 ...
2026-06-18 14:12:26,396 INFO __main__ year 2016: 1460 sample files in [0, 1460)
2026-06-18 14:12:26,397 INFO __main__ loading per-file H5 reads across 64 workers
2026-06-18 14:12:34,862 INFO __main__ loaded 200 / 1460
2026-06-18 14:12:42,772 INFO __main__ loaded 400 / 1460
2026-06-18 14:12:53,133 INFO __main__ loaded 600 / 1460
2026-06-18 14:13:02,437 INFO __main__ loaded 800 / 1460
2026-06-18 14:13:10,673 INFO __main__ loaded 1000 / 1460
2026-06-18 14:13:21,563 INFO __main__ loaded 1200 / 1460
2026-06-18 14:13:30,414 INFO __main__ loaded 1400 / 1460
2026-06-18 14:13:52,473 INFO __main__ writing Zarr to /work/hdd/bdiu/awikner/physicsnemo-zarr/e3sm/2016.zarr
/work/nvme/bdiu/awikner/physicsnemo/.venv/lib/python3.12/site-packages/zarr/api/asynchronous.py:231: ZarrUserWarning: Consolidated metadata is currently not part in the Zarr format 3 specification. It may not be supported by other zarr implementations and may change in the future.
  warnings.warn(
2026-06-18 14:15:17,427 INFO __main__ done: 16 vars, 1460 timesteps
[Thu Jun 18 14:15:19 CDT 2026] converting E3SM year 2017 ...
2026-06-18 14:15:22,970 INFO __main__ year 2017: 1460 sample files in [0, 1460)
2026-06-18 14:15:22,972 INFO __main__ loading per-file H5 reads across 64 workers
2026-06-18 14:15:30,941 INFO __main__ loaded 200 / 1460
2026-06-18 14:15:41,660 INFO __main__ loaded 400 / 1460
2026-06-18 14:15:55,712 INFO __main__ loaded 600 / 1460
2026-06-18 14:16:04,745 INFO __main__ loaded 800 / 1460
2026-06-18 14:16:11,847 INFO __main__ loaded 1000 / 1460
2026-06-18 14:16:19,077 INFO __main__ loaded 1200 / 1460
2026-06-18 14:16:27,477 INFO __main__ loaded 1400 / 1460
2026-06-18 14:16:58,349 INFO __main__ writing Zarr to /work/hdd/bdiu/awikner/physicsnemo-zarr/e3sm/2017.zarr
/work/nvme/bdiu/awikner/physicsnemo/.venv/lib/python3.12/site-packages/zarr/api/asynchronous.py:231: ZarrUserWarning: Consolidated metadata is currently not part in the Zarr format 3 specification. It may not be supported by other zarr implementations and may change in the future.
  warnings.warn(
2026-06-18 14:19:29,322 INFO __main__ done: 16 vars, 1460 timesteps
[Thu Jun 18 14:19:31 CDT 2026] converting E3SM year 2018 ...
2026-06-18 14:19:33,740 INFO __main__ year 2018: 1460 sample files in [0, 1460)
2026-06-18 14:19:33,743 INFO __main__ loading per-file H5 reads across 64 workers
2026-06-18 14:19:45,025 INFO __main__ loaded 200 / 1460
2026-06-18 14:19:53,553 INFO __main__ loaded 400 / 1460
2026-06-18 14:20:01,692 INFO __main__ loaded 600 / 1460
2026-06-18 14:20:09,823 INFO __main__ loaded 800 / 1460
2026-06-18 14:20:16,463 INFO __main__ loaded 1000 / 1460
2026-06-18 14:20:23,908 INFO __main__ loaded 1200 / 1460
2026-06-18 14:20:34,250 INFO __main__ loaded 1400 / 1460
2026-06-18 14:22:04,885 INFO __main__ writing Zarr to /work/hdd/bdiu/awikner/physicsnemo-zarr/e3sm/2018.zarr
/work/nvme/bdiu/awikner/physicsnemo/.venv/lib/python3.12/site-packages/zarr/api/asynchronous.py:231: ZarrUserWarning: Consolidated metadata is currently not part in the Zarr format 3 specification. It may not be supported by other zarr implementations and may change in the future.
  warnings.warn(
2026-06-18 14:23:30,123 INFO __main__ done: 16 vars, 1460 timesteps
[Thu Jun 18 14:23:32 CDT 2026] converting E3SM year 2019 ...
2026-06-18 14:23:34,632 INFO __main__ year 2019: 1460 sample files in [0, 1460)
2026-06-18 14:23:34,636 INFO __main__ loading per-file H5 reads across 64 workers
2026-06-18 14:23:43,620 INFO __main__ loaded 200 / 1460
2026-06-18 14:23:49,807 INFO __main__ loaded 400 / 1460
2026-06-18 14:23:56,004 INFO __main__ loaded 600 / 1460
2026-06-18 14:24:02,447 INFO __main__ loaded 800 / 1460
2026-06-18 14:24:08,509 INFO __main__ loaded 1000 / 1460
2026-06-18 14:24:14,635 INFO __main__ loaded 1200 / 1460
2026-06-18 14:24:20,732 INFO __main__ loaded 1400 / 1460
2026-06-18 14:25:45,777 INFO __main__ writing Zarr to /work/hdd/bdiu/awikner/physicsnemo-zarr/e3sm/2019.zarr
/work/nvme/bdiu/awikner/physicsnemo/.venv/lib/python3.12/site-packages/zarr/api/asynchronous.py:231: ZarrUserWarning: Consolidated metadata is currently not part in the Zarr format 3 specification. It may not be supported by other zarr implementations and may change in the future.
  warnings.warn(
2026-06-18 14:27:12,307 INFO __main__ done: 16 vars, 1460 timesteps
[Thu Jun 18 14:27:14 CDT 2026] converting E3SM year 2020 ...
2026-06-18 14:27:16,302 INFO __main__ year 2020: 1460 sample files in [0, 1460)
2026-06-18 14:27:16,303 INFO __main__ loading per-file H5 reads across 64 workers
2026-06-18 14:27:24,210 INFO __main__ loaded 200 / 1460
2026-06-18 14:27:31,827 INFO __main__ loaded 400 / 1460
2026-06-18 14:27:39,520 INFO __main__ loaded 600 / 1460
2026-06-18 14:27:46,435 INFO __main__ loaded 800 / 1460
2026-06-18 14:27:52,431 INFO __main__ loaded 1000 / 1460
2026-06-18 14:27:58,454 INFO __main__ loaded 1200 / 1460
2026-06-18 14:28:04,498 INFO __main__ loaded 1400 / 1460
2026-06-18 14:30:12,479 INFO __main__ writing Zarr to /work/hdd/bdiu/awikner/physicsnemo-zarr/e3sm/2020.zarr
/work/nvme/bdiu/awikner/physicsnemo/.venv/lib/python3.12/site-packages/zarr/api/asynchronous.py:231: ZarrUserWarning: Consolidated metadata is currently not part in the Zarr format 3 specification. It may not be supported by other zarr implementations and may change in the future.
  warnings.warn(
2026-06-18 14:34:10,718 INFO __main__ done: 16 vars, 1460 timesteps
[Thu Jun 18 14:34:12 CDT 2026] converting E3SM year 2021 ...
2026-06-18 14:34:14,352 INFO __main__ year 2021: 1460 sample files in [0, 1460)
2026-06-18 14:34:14,355 INFO __main__ loading per-file H5 reads across 64 workers
2026-06-18 14:34:23,679 INFO __main__ loaded 200 / 1460
2026-06-18 14:34:31,494 INFO __main__ loaded 400 / 1460
2026-06-18 14:34:38,943 INFO __main__ loaded 600 / 1460
2026-06-18 14:34:45,713 INFO __main__ loaded 800 / 1460
2026-06-18 14:34:52,941 INFO __main__ loaded 1000 / 1460
2026-06-18 14:34:59,301 INFO __main__ loaded 1200 / 1460
2026-06-18 14:35:05,660 INFO __main__ loaded 1400 / 1460
2026-06-18 14:35:41,959 INFO __main__ writing Zarr to /work/hdd/bdiu/awikner/physicsnemo-zarr/e3sm/2021.zarr
/work/nvme/bdiu/awikner/physicsnemo/.venv/lib/python3.12/site-packages/zarr/api/asynchronous.py:231: ZarrUserWarning: Consolidated metadata is currently not part in the Zarr format 3 specification. It may not be supported by other zarr implementations and may change in the future.
  warnings.warn(
2026-06-18 14:37:08,355 INFO __main__ done: 16 vars, 1460 timesteps
[Thu Jun 18 14:37:10 CDT 2026] converting E3SM year 2022 ...
2026-06-18 14:37:12,094 INFO __main__ year 2022: 1460 sample files in [0, 1460)
2026-06-18 14:37:12,094 INFO __main__ loading per-file H5 reads across 64 workers
2026-06-18 14:37:20,917 INFO __main__ loaded 200 / 1460
2026-06-18 14:37:28,899 INFO __main__ loaded 400 / 1460
2026-06-18 14:37:36,437 INFO __main__ loaded 600 / 1460
2026-06-18 14:37:43,290 INFO __main__ loaded 800 / 1460
2026-06-18 14:37:49,641 INFO __main__ loaded 1000 / 1460
2026-06-18 14:37:57,207 INFO __main__ loaded 1200 / 1460
2026-06-18 14:38:05,245 INFO __main__ loaded 1400 / 1460
2026-06-18 14:39:30,154 INFO __main__ writing Zarr to /work/hdd/bdiu/awikner/physicsnemo-zarr/e3sm/2022.zarr
/work/nvme/bdiu/awikner/physicsnemo/.venv/lib/python3.12/site-packages/zarr/api/asynchronous.py:231: ZarrUserWarning: Consolidated metadata is currently not part in the Zarr format 3 specification. It may not be supported by other zarr implementations and may change in the future.
  warnings.warn(
2026-06-18 14:40:49,336 INFO __main__ done: 16 vars, 1460 timesteps
[Thu Jun 18 14:40:51 CDT 2026] converting E3SM year 2023 ...
2026-06-18 14:40:53,237 INFO __main__ year 2023: 1460 sample files in [0, 1460)
2026-06-18 14:40:53,237 INFO __main__ loading per-file H5 reads across 64 workers
2026-06-18 14:41:04,432 INFO __main__ loaded 200 / 1460
2026-06-18 14:41:12,929 INFO __main__ loaded 400 / 1460
2026-06-18 14:41:20,548 INFO __main__ loaded 600 / 1460
2026-06-18 14:41:28,841 INFO __main__ loaded 800 / 1460
2026-06-18 14:41:35,024 INFO __main__ loaded 1000 / 1460
2026-06-18 14:41:41,457 INFO __main__ loaded 1200 / 1460
2026-06-18 14:41:47,524 INFO __main__ loaded 1400 / 1460
2026-06-18 14:42:13,123 INFO __main__ writing Zarr to /work/hdd/bdiu/awikner/physicsnemo-zarr/e3sm/2023.zarr
/work/nvme/bdiu/awikner/physicsnemo/.venv/lib/python3.12/site-packages/zarr/api/asynchronous.py:231: ZarrUserWarning: Consolidated metadata is currently not part in the Zarr format 3 specification. It may not be supported by other zarr implementations and may change in the future.
  warnings.warn(
2026-06-18 14:43:29,967 INFO __main__ done: 16 vars, 1460 timesteps
[Thu Jun 18 14:43:31 CDT 2026] converting E3SM year 2024 ...
2026-06-18 14:43:32,930 INFO __main__ year 2024: 1460 sample files in [0, 1460)
2026-06-18 14:43:32,935 INFO __main__ loading per-file H5 reads across 64 workers
2026-06-18 14:43:43,445 INFO __main__ loaded 200 / 1460
2026-06-18 14:43:51,029 INFO __main__ loaded 400 / 1460
2026-06-18 14:44:02,755 INFO __main__ loaded 600 / 1460
2026-06-18 14:44:11,317 INFO __main__ loaded 800 / 1460
2026-06-18 14:44:17,701 INFO __main__ loaded 1000 / 1460
2026-06-18 14:44:24,185 INFO __main__ loaded 1200 / 1460
2026-06-18 14:44:30,938 INFO __main__ loaded 1400 / 1460
2026-06-18 14:45:02,591 INFO __main__ writing Zarr to /work/hdd/bdiu/awikner/physicsnemo-zarr/e3sm/2024.zarr
/work/nvme/bdiu/awikner/physicsnemo/.venv/lib/python3.12/site-packages/zarr/api/asynchronous.py:231: ZarrUserWarning: Consolidated metadata is currently not part in the Zarr format 3 specification. It may not be supported by other zarr implementations and may change in the future.
  warnings.warn(
2026-06-18 14:48:54,698 INFO __main__ done: 16 vars, 1460 timesteps
[Thu Jun 18 14:48:56 CDT 2026] converting E3SM year 2025 ...
2026-06-18 14:48:58,446 INFO __main__ year 2025: 1460 sample files in [0, 1460)
2026-06-18 14:48:58,451 INFO __main__ loading per-file H5 reads across 64 workers
2026-06-18 14:49:28,363 INFO __main__ loaded 200 / 1460
2026-06-18 14:49:36,755 INFO __main__ loaded 400 / 1460
2026-06-18 14:49:49,354 INFO __main__ loaded 600 / 1460
2026-06-18 14:49:58,249 INFO __main__ loaded 800 / 1460
2026-06-18 14:50:06,788 INFO __main__ loaded 1000 / 1460
2026-06-18 14:50:13,847 INFO __main__ loaded 1200 / 1460
2026-06-18 14:50:20,782 INFO __main__ loaded 1400 / 1460
2026-06-18 14:50:55,184 INFO __main__ writing Zarr to /work/hdd/bdiu/awikner/physicsnemo-zarr/e3sm/2025.zarr
/work/nvme/bdiu/awikner/physicsnemo/.venv/lib/python3.12/site-packages/zarr/api/asynchronous.py:231: ZarrUserWarning: Consolidated metadata is currently not part in the Zarr format 3 specification. It may not be supported by other zarr implementations and may change in the future.
  warnings.warn(
2026-06-18 14:52:28,070 INFO __main__ done: 16 vars, 1460 timesteps
[Thu Jun 18 14:52:31 CDT 2026] converting E3SM year 2026 ...
2026-06-18 14:52:34,045 INFO __main__ year 2026: 1460 sample files in [0, 1460)
2026-06-18 14:52:34,047 INFO __main__ loading per-file H5 reads across 64 workers
2026-06-18 14:52:42,184 INFO __main__ loaded 200 / 1460
2026-06-18 14:52:48,222 INFO __main__ loaded 400 / 1460
2026-06-18 14:52:55,708 INFO __main__ loaded 600 / 1460
2026-06-18 14:53:01,713 INFO __main__ loaded 800 / 1460
2026-06-18 14:53:07,504 INFO __main__ loaded 1000 / 1460
2026-06-18 14:53:13,974 INFO __main__ loaded 1200 / 1460
2026-06-18 14:53:20,279 INFO __main__ loaded 1400 / 1460
2026-06-18 14:53:42,118 INFO __main__ writing Zarr to /work/hdd/bdiu/awikner/physicsnemo-zarr/e3sm/2026.zarr
/work/nvme/bdiu/awikner/physicsnemo/.venv/lib/python3.12/site-packages/zarr/api/asynchronous.py:231: ZarrUserWarning: Consolidated metadata is currently not part in the Zarr format 3 specification. It may not be supported by other zarr implementations and may change in the future.
  warnings.warn(
2026-06-18 14:55:00,951 INFO __main__ done: 16 vars, 1460 timesteps
[Thu Jun 18 14:55:02 CDT 2026] converting E3SM year 2027 ...
2026-06-18 14:55:04,632 INFO __main__ year 2027: 1460 sample files in [0, 1460)
2026-06-18 14:55:04,633 INFO __main__ loading per-file H5 reads across 64 workers
2026-06-18 14:55:16,742 INFO __main__ loaded 200 / 1460
2026-06-18 14:55:25,333 INFO __main__ loaded 400 / 1460
2026-06-18 14:55:33,738 INFO __main__ loaded 600 / 1460
2026-06-18 14:55:39,872 INFO __main__ loaded 800 / 1460
2026-06-18 14:55:46,527 INFO __main__ loaded 1000 / 1460
2026-06-18 14:55:52,992 INFO __main__ loaded 1200 / 1460
2026-06-18 14:55:59,238 INFO __main__ loaded 1400 / 1460
2026-06-18 14:56:27,095 INFO __main__ writing Zarr to /work/hdd/bdiu/awikner/physicsnemo-zarr/e3sm/2027.zarr
/work/nvme/bdiu/awikner/physicsnemo/.venv/lib/python3.12/site-packages/zarr/api/asynchronous.py:231: ZarrUserWarning: Consolidated metadata is currently not part in the Zarr format 3 specification. It may not be supported by other zarr implementations and may change in the future.
  warnings.warn(
2026-06-18 14:57:54,295 INFO __main__ done: 16 vars, 1460 timesteps
[Thu Jun 18 14:57:56 CDT 2026] converting E3SM year 2028 ...
2026-06-18 14:57:57,848 INFO __main__ year 2028: 1460 sample files in [0, 1460)
2026-06-18 14:57:57,851 INFO __main__ loading per-file H5 reads across 64 workers
2026-06-18 14:58:08,835 INFO __main__ loaded 200 / 1460
2026-06-18 14:58:19,008 INFO __main__ loaded 400 / 1460
2026-06-18 14:58:29,730 INFO __main__ loaded 600 / 1460
2026-06-18 14:58:39,255 INFO __main__ loaded 800 / 1460
2026-06-18 14:58:48,456 INFO __main__ loaded 1000 / 1460
2026-06-18 14:58:55,670 INFO __main__ loaded 1200 / 1460
2026-06-18 14:59:03,437 INFO __main__ loaded 1400 / 1460
2026-06-18 15:01:51,926 INFO __main__ writing Zarr to /work/hdd/bdiu/awikner/physicsnemo-zarr/e3sm/2028.zarr
/work/nvme/bdiu/awikner/physicsnemo/.venv/lib/python3.12/site-packages/zarr/api/asynchronous.py:231: ZarrUserWarning: Consolidated metadata is currently not part in the Zarr format 3 specification. It may not be supported by other zarr implementations and may change in the future.
  warnings.warn(
2026-06-18 15:04:35,720 INFO __main__ done: 16 vars, 1460 timesteps
[Thu Jun 18 15:04:37 CDT 2026] converting E3SM year 2029 ...
2026-06-18 15:04:39,544 INFO __main__ year 2029: 1460 sample files in [0, 1460)
2026-06-18 15:04:39,545 INFO __main__ loading per-file H5 reads across 64 workers
2026-06-18 15:04:47,523 INFO __main__ loaded 200 / 1460
2026-06-18 15:04:58,144 INFO __main__ loaded 400 / 1460
2026-06-18 15:05:05,114 INFO __main__ loaded 600 / 1460
2026-06-18 15:05:11,340 INFO __main__ loaded 800 / 1460
2026-06-18 15:05:17,516 INFO __main__ loaded 1000 / 1460
2026-06-18 15:05:23,627 INFO __main__ loaded 1200 / 1460
2026-06-18 15:05:29,902 INFO __main__ loaded 1400 / 1460
2026-06-18 15:05:53,977 INFO __main__ writing Zarr to /work/hdd/bdiu/awikner/physicsnemo-zarr/e3sm/2029.zarr
/work/nvme/bdiu/awikner/physicsnemo/.venv/lib/python3.12/site-packages/zarr/api/asynchronous.py:231: ZarrUserWarning: Consolidated metadata is currently not part in the Zarr format 3 specification. It may not be supported by other zarr implementations and may change in the future.
  warnings.warn(
2026-06-18 15:07:22,172 INFO __main__ done: 16 vars, 1460 timesteps
[Thu Jun 18 15:07:23 CDT 2026] converting E3SM year 2030 ...
2026-06-18 15:07:25,478 INFO __main__ year 2030: 1460 sample files in [0, 1460)
2026-06-18 15:07:25,478 INFO __main__ loading per-file H5 reads across 64 workers
2026-06-18 15:07:36,816 INFO __main__ loaded 200 / 1460
2026-06-18 15:07:44,788 INFO __main__ loaded 400 / 1460
2026-06-18 15:07:52,247 INFO __main__ loaded 600 / 1460
2026-06-18 15:07:59,934 INFO __main__ loaded 800 / 1460
2026-06-18 15:08:06,660 INFO __main__ loaded 1000 / 1460
2026-06-18 15:08:14,590 INFO __main__ loaded 1200 / 1460
2026-06-18 15:08:24,105 INFO __main__ loaded 1400 / 1460
2026-06-18 15:08:52,179 INFO __main__ writing Zarr to /work/hdd/bdiu/awikner/physicsnemo-zarr/e3sm/2030.zarr
/work/nvme/bdiu/awikner/physicsnemo/.venv/lib/python3.12/site-packages/zarr/api/asynchronous.py:231: ZarrUserWarning: Consolidated metadata is currently not part in the Zarr format 3 specification. It may not be supported by other zarr implementations and may change in the future.
  warnings.warn(
2026-06-18 15:10:16,342 INFO __main__ done: 16 vars, 1460 timesteps
[Thu Jun 18 15:10:18 CDT 2026] converting E3SM year 2031 ...
2026-06-18 15:10:20,173 INFO __main__ year 2031: 1460 sample files in [0, 1460)
2026-06-18 15:10:20,176 INFO __main__ loading per-file H5 reads across 64 workers
2026-06-18 15:10:27,972 INFO __main__ loaded 200 / 1460
2026-06-18 15:10:35,175 INFO __main__ loaded 400 / 1460
2026-06-18 15:10:44,512 INFO __main__ loaded 600 / 1460
2026-06-18 15:10:51,329 INFO __main__ loaded 800 / 1460
2026-06-18 15:10:57,502 INFO __main__ loaded 1000 / 1460
2026-06-18 15:11:04,457 INFO __main__ loaded 1200 / 1460
2026-06-18 15:11:10,671 INFO __main__ loaded 1400 / 1460
2026-06-18 15:11:45,727 INFO __main__ writing Zarr to /work/hdd/bdiu/awikner/physicsnemo-zarr/e3sm/2031.zarr
/work/nvme/bdiu/awikner/physicsnemo/.venv/lib/python3.12/site-packages/zarr/api/asynchronous.py:231: ZarrUserWarning: Consolidated metadata is currently not part in the Zarr format 3 specification. It may not be supported by other zarr implementations and may change in the future.
  warnings.warn(
2026-06-18 15:13:05,140 INFO __main__ done: 16 vars, 1460 timesteps
[Thu Jun 18 15:13:07 CDT 2026] converting E3SM year 2032 ...
2026-06-18 15:13:09,559 INFO __main__ year 2032: 1460 sample files in [0, 1460)
2026-06-18 15:13:09,562 INFO __main__ loading per-file H5 reads across 64 workers
2026-06-18 15:13:20,904 INFO __main__ loaded 200 / 1460
2026-06-18 15:13:29,091 INFO __main__ loaded 400 / 1460
2026-06-18 15:13:38,048 INFO __main__ loaded 600 / 1460
2026-06-18 15:13:44,916 INFO __main__ loaded 800 / 1460
2026-06-18 15:13:52,350 INFO __main__ loaded 1000 / 1460
2026-06-18 15:13:58,829 INFO __main__ loaded 1200 / 1460
2026-06-18 15:14:05,216 INFO __main__ loaded 1400 / 1460
2026-06-18 15:14:43,045 INFO __main__ writing Zarr to /work/hdd/bdiu/awikner/physicsnemo-zarr/e3sm/2032.zarr
/work/nvme/bdiu/awikner/physicsnemo/.venv/lib/python3.12/site-packages/zarr/api/asynchronous.py:231: ZarrUserWarning: Consolidated metadata is currently not part in the Zarr format 3 specification. It may not be supported by other zarr implementations and may change in the future.
  warnings.warn(
2026-06-18 15:18:38,360 INFO __main__ done: 16 vars, 1460 timesteps
[Thu Jun 18 15:18:41 CDT 2026] converting E3SM year 2033 ...
2026-06-18 15:18:42,841 INFO __main__ year 2033: 1460 sample files in [0, 1460)
2026-06-18 15:18:42,844 INFO __main__ loading per-file H5 reads across 64 workers
2026-06-18 15:18:51,006 INFO __main__ loaded 200 / 1460
2026-06-18 15:18:57,663 INFO __main__ loaded 400 / 1460
2026-06-18 15:19:07,336 INFO __main__ loaded 600 / 1460
2026-06-18 15:19:23,014 INFO __main__ loaded 800 / 1460
2026-06-18 15:19:30,089 INFO __main__ loaded 1000 / 1460
2026-06-18 15:19:36,649 INFO __main__ loaded 1200 / 1460
2026-06-18 15:19:42,982 INFO __main__ loaded 1400 / 1460
2026-06-18 15:20:16,716 INFO __main__ writing Zarr to /work/hdd/bdiu/awikner/physicsnemo-zarr/e3sm/2033.zarr
/work/nvme/bdiu/awikner/physicsnemo/.venv/lib/python3.12/site-packages/zarr/api/asynchronous.py:231: ZarrUserWarning: Consolidated metadata is currently not part in the Zarr format 3 specification. It may not be supported by other zarr implementations and may change in the future.
  warnings.warn(
2026-06-18 15:21:42,426 INFO __main__ done: 16 vars, 1460 timesteps
[Thu Jun 18 15:21:45 CDT 2026] converting E3SM year 2034 ...
2026-06-18 15:21:46,779 INFO __main__ year 2034: 1460 sample files in [0, 1460)
2026-06-18 15:21:46,782 INFO __main__ loading per-file H5 reads across 64 workers
2026-06-18 15:21:55,814 INFO __main__ loaded 200 / 1460
2026-06-18 15:22:03,167 INFO __main__ loaded 400 / 1460
2026-06-18 15:22:14,437 INFO __main__ loaded 600 / 1460
2026-06-18 15:22:24,470 INFO __main__ loaded 800 / 1460
2026-06-18 15:22:31,292 INFO __main__ loaded 1000 / 1460
2026-06-18 15:22:37,381 INFO __main__ loaded 1200 / 1460
2026-06-18 15:22:44,028 INFO __main__ loaded 1400 / 1460
2026-06-18 15:23:28,949 INFO __main__ writing Zarr to /work/hdd/bdiu/awikner/physicsnemo-zarr/e3sm/2034.zarr
/work/nvme/bdiu/awikner/physicsnemo/.venv/lib/python3.12/site-packages/zarr/api/asynchronous.py:231: ZarrUserWarning: Consolidated metadata is currently not part in the Zarr format 3 specification. It may not be supported by other zarr implementations and may change in the future.
  warnings.warn(
2026-06-18 15:24:55,864 INFO __main__ done: 16 vars, 1460 timesteps
[Thu Jun 18 15:24:58 CDT 2026] converting E3SM year 2035 ...
2026-06-18 15:25:00,215 INFO __main__ year 2035: 1460 sample files in [0, 1460)
2026-06-18 15:25:00,217 INFO __main__ loading per-file H5 reads across 64 workers
2026-06-18 15:25:09,958 INFO __main__ loaded 200 / 1460
2026-06-18 15:25:17,111 INFO __main__ loaded 400 / 1460
2026-06-18 15:25:23,684 INFO __main__ loaded 600 / 1460
2026-06-18 15:25:29,577 INFO __main__ loaded 800 / 1460
2026-06-18 15:25:35,574 INFO __main__ loaded 1000 / 1460
2026-06-18 15:25:41,483 INFO __main__ loaded 1200 / 1460
2026-06-18 15:25:47,771 INFO __main__ loaded 1400 / 1460
2026-06-18 15:26:19,546 INFO __main__ writing Zarr to /work/hdd/bdiu/awikner/physicsnemo-zarr/e3sm/2035.zarr
/work/nvme/bdiu/awikner/physicsnemo/.venv/lib/python3.12/site-packages/zarr/api/asynchronous.py:231: ZarrUserWarning: Consolidated metadata is currently not part in the Zarr format 3 specification. It may not be supported by other zarr implementations and may change in the future.
  warnings.warn(
2026-06-18 15:27:47,283 INFO __main__ done: 16 vars, 1460 timesteps
[Thu Jun 18 15:27:50 CDT 2026] converting E3SM year 2036 ...
2026-06-18 15:27:54,156 INFO __main__ year 2036: 1460 sample files in [0, 1460)
2026-06-18 15:27:54,161 INFO __main__ loading per-file H5 reads across 64 workers
2026-06-18 15:28:03,072 INFO __main__ loaded 200 / 1460
2026-06-18 15:28:11,358 INFO __main__ loaded 400 / 1460
2026-06-18 15:28:20,111 INFO __main__ loaded 600 / 1460
2026-06-18 15:28:28,116 INFO __main__ loaded 800 / 1460
2026-06-18 15:28:36,053 INFO __main__ loaded 1000 / 1460
2026-06-18 15:28:43,494 INFO __main__ loaded 1200 / 1460
2026-06-18 15:28:51,189 INFO __main__ loaded 1400 / 1460
2026-06-18 15:29:17,167 INFO __main__ writing Zarr to /work/hdd/bdiu/awikner/physicsnemo-zarr/e3sm/2036.zarr
/work/nvme/bdiu/awikner/physicsnemo/.venv/lib/python3.12/site-packages/zarr/api/asynchronous.py:231: ZarrUserWarning: Consolidated metadata is currently not part in the Zarr format 3 specification. It may not be supported by other zarr implementations and may change in the future.
  warnings.warn(
2026-06-18 15:30:39,494 INFO __main__ done: 16 vars, 1460 timesteps
[Thu Jun 18 15:30:41 CDT 2026] converting E3SM year 2037 ...
2026-06-18 15:30:46,362 INFO __main__ year 2037: 1460 sample files in [0, 1460)
2026-06-18 15:30:46,364 INFO __main__ loading per-file H5 reads across 64 workers
2026-06-18 15:30:54,034 INFO __main__ loaded 200 / 1460
2026-06-18 15:31:00,318 INFO __main__ loaded 400 / 1460
2026-06-18 15:31:06,652 INFO __main__ loaded 600 / 1460
2026-06-18 15:31:13,624 INFO __main__ loaded 800 / 1460
2026-06-18 15:31:19,736 INFO __main__ loaded 1000 / 1460
2026-06-18 15:31:26,474 INFO __main__ loaded 1200 / 1460
2026-06-18 15:31:33,022 INFO __main__ loaded 1400 / 1460
2026-06-18 15:32:08,496 INFO __main__ writing Zarr to /work/hdd/bdiu/awikner/physicsnemo-zarr/e3sm/2037.zarr
/work/nvme/bdiu/awikner/physicsnemo/.venv/lib/python3.12/site-packages/zarr/api/asynchronous.py:231: ZarrUserWarning: Consolidated metadata is currently not part in the Zarr format 3 specification. It may not be supported by other zarr implementations and may change in the future.
  warnings.warn(
2026-06-18 15:34:29,988 INFO __main__ done: 16 vars, 1460 timesteps
[Thu Jun 18 15:34:32 CDT 2026] converting E3SM year 2038 ...
2026-06-18 15:34:34,762 INFO __main__ year 2038: 1460 sample files in [0, 1460)
2026-06-18 15:34:34,767 INFO __main__ loading per-file H5 reads across 64 workers
2026-06-18 15:34:44,128 INFO __main__ loaded 200 / 1460
2026-06-18 15:34:52,544 INFO __main__ loaded 400 / 1460
2026-06-18 15:34:59,949 INFO __main__ loaded 600 / 1460
2026-06-18 15:35:06,386 INFO __main__ loaded 800 / 1460
2026-06-18 15:35:13,046 INFO __main__ loaded 1000 / 1460
2026-06-18 15:35:20,603 INFO __main__ loaded 1200 / 1460
2026-06-18 15:35:27,579 INFO __main__ loaded 1400 / 1460
2026-06-18 15:35:49,343 INFO __main__ writing Zarr to /work/hdd/bdiu/awikner/physicsnemo-zarr/e3sm/2038.zarr
/work/nvme/bdiu/awikner/physicsnemo/.venv/lib/python3.12/site-packages/zarr/api/asynchronous.py:231: ZarrUserWarning: Consolidated metadata is currently not part in the Zarr format 3 specification. It may not be supported by other zarr implementations and may change in the future.
  warnings.warn(
2026-06-18 15:37:06,235 INFO __main__ done: 16 vars, 1460 timesteps
[Thu Jun 18 15:37:10 CDT 2026] converting E3SM year 2039 ...
2026-06-18 15:37:11,796 INFO __main__ year 2039: 1460 sample files in [0, 1460)
2026-06-18 15:37:11,798 INFO __main__ loading per-file H5 reads across 64 workers
2026-06-18 15:37:19,397 INFO __main__ loaded 200 / 1460
2026-06-18 15:37:25,580 INFO __main__ loaded 400 / 1460
2026-06-18 15:37:31,719 INFO __main__ loaded 600 / 1460
2026-06-18 15:37:37,659 INFO __main__ loaded 800 / 1460
2026-06-18 15:37:44,566 INFO __main__ loaded 1000 / 1460
2026-06-18 15:37:51,924 INFO __main__ loaded 1200 / 1460
2026-06-18 15:37:59,310 INFO __main__ loaded 1400 / 1460
2026-06-18 15:38:36,589 INFO __main__ writing Zarr to /work/hdd/bdiu/awikner/physicsnemo-zarr/e3sm/2039.zarr
/work/nvme/bdiu/awikner/physicsnemo/.venv/lib/python3.12/site-packages/zarr/api/asynchronous.py:231: ZarrUserWarning: Consolidated metadata is currently not part in the Zarr format 3 specification. It may not be supported by other zarr implementations and may change in the future.
  warnings.warn(
2026-06-18 15:39:58,869 INFO __main__ done: 16 vars, 1460 timesteps
[Thu Jun 18 15:40:01 CDT 2026] converting E3SM year 2040 ...
2026-06-18 15:40:03,054 INFO __main__ year 2040: 1460 sample files in [0, 1460)
2026-06-18 15:40:03,057 INFO __main__ loading per-file H5 reads across 64 workers
2026-06-18 15:40:10,599 INFO __main__ loaded 200 / 1460
2026-06-18 15:40:19,490 INFO __main__ loaded 400 / 1460
2026-06-18 15:40:25,565 INFO __main__ loaded 600 / 1460
2026-06-18 15:40:31,552 INFO __main__ loaded 800 / 1460
2026-06-18 15:40:37,234 INFO __main__ loaded 1000 / 1460
2026-06-18 15:40:43,382 INFO __main__ loaded 1200 / 1460
2026-06-18 15:40:49,161 INFO __main__ loaded 1400 / 1460
2026-06-18 15:42:27,063 INFO __main__ writing Zarr to /work/hdd/bdiu/awikner/physicsnemo-zarr/e3sm/2040.zarr
/work/nvme/bdiu/awikner/physicsnemo/.venv/lib/python3.12/site-packages/zarr/api/asynchronous.py:231: ZarrUserWarning: Consolidated metadata is currently not part in the Zarr format 3 specification. It may not be supported by other zarr implementations and may change in the future.
  warnings.warn(
2026-06-18 15:43:45,558 INFO __main__ done: 16 vars, 1460 timesteps
[Thu Jun 18 15:43:48 CDT 2026] converting E3SM year 2041 ...
2026-06-18 15:43:49,840 INFO __main__ year 2041: 1460 sample files in [0, 1460)
2026-06-18 15:43:49,844 INFO __main__ loading per-file H5 reads across 64 workers
2026-06-18 15:43:57,377 INFO __main__ loaded 200 / 1460
2026-06-18 15:44:03,851 INFO __main__ loaded 400 / 1460
2026-06-18 15:44:11,163 INFO __main__ loaded 600 / 1460
2026-06-18 15:44:17,435 INFO __main__ loaded 800 / 1460
2026-06-18 15:44:23,481 INFO __main__ loaded 1000 / 1460
2026-06-18 15:44:29,464 INFO __main__ loaded 1200 / 1460
2026-06-18 15:44:35,436 INFO __main__ loaded 1400 / 1460
2026-06-18 15:44:58,918 INFO __main__ writing Zarr to /work/hdd/bdiu/awikner/physicsnemo-zarr/e3sm/2041.zarr
/work/nvme/bdiu/awikner/physicsnemo/.venv/lib/python3.12/site-packages/zarr/api/asynchronous.py:231: ZarrUserWarning: Consolidated metadata is currently not part in the Zarr format 3 specification. It may not be supported by other zarr implementations and may change in the future.
  warnings.warn(
2026-06-18 15:48:55,341 INFO __main__ done: 16 vars, 1460 timesteps
[Thu Jun 18 15:48:57 CDT 2026] converting E3SM year 2042 ...
2026-06-18 15:48:58,719 INFO __main__ year 2042: 1460 sample files in [0, 1460)
2026-06-18 15:48:58,721 INFO __main__ loading per-file H5 reads across 64 workers
2026-06-18 15:49:06,793 INFO __main__ loaded 200 / 1460
2026-06-18 15:49:13,000 INFO __main__ loaded 400 / 1460
2026-06-18 15:49:21,116 INFO __main__ loaded 600 / 1460
2026-06-18 15:49:28,801 INFO __main__ loaded 800 / 1460
2026-06-18 15:49:35,298 INFO __main__ loaded 1000 / 1460
2026-06-18 15:49:41,564 INFO __main__ loaded 1200 / 1460
2026-06-18 15:49:48,928 INFO __main__ loaded 1400 / 1460
2026-06-18 15:50:16,205 INFO __main__ writing Zarr to /work/hdd/bdiu/awikner/physicsnemo-zarr/e3sm/2042.zarr
/work/nvme/bdiu/awikner/physicsnemo/.venv/lib/python3.12/site-packages/zarr/api/asynchronous.py:231: ZarrUserWarning: Consolidated metadata is currently not part in the Zarr format 3 specification. It may not be supported by other zarr implementations and may change in the future.
  warnings.warn(
2026-06-18 15:51:40,917 INFO __main__ done: 16 vars, 1460 timesteps
[Thu Jun 18 15:51:43 CDT 2026] converting E3SM year 2043 ...
2026-06-18 15:51:45,181 INFO __main__ year 2043: 1460 sample files in [0, 1460)
2026-06-18 15:51:45,183 INFO __main__ loading per-file H5 reads across 64 workers
2026-06-18 15:51:54,852 INFO __main__ loaded 200 / 1460
2026-06-18 15:52:00,762 INFO __main__ loaded 400 / 1460
2026-06-18 15:52:07,393 INFO __main__ loaded 600 / 1460
2026-06-18 15:52:18,058 INFO __main__ loaded 800 / 1460
2026-06-18 15:52:26,313 INFO __main__ loaded 1000 / 1460
2026-06-18 15:52:32,531 INFO __main__ loaded 1200 / 1460
2026-06-18 15:52:38,275 INFO __main__ loaded 1400 / 1460
2026-06-18 15:54:14,879 INFO __main__ writing Zarr to /work/hdd/bdiu/awikner/physicsnemo-zarr/e3sm/2043.zarr
/work/nvme/bdiu/awikner/physicsnemo/.venv/lib/python3.12/site-packages/zarr/api/asynchronous.py:231: ZarrUserWarning: Consolidated metadata is currently not part in the Zarr format 3 specification. It may not be supported by other zarr implementations and may change in the future.
  warnings.warn(
2026-06-18 15:55:46,121 INFO __main__ done: 16 vars, 1460 timesteps
[Thu Jun 18 15:55:49 CDT 2026] converting E3SM year 2044 ...
2026-06-18 15:55:53,057 INFO __main__ year 2044: 1460 sample files in [0, 1460)
2026-06-18 15:55:53,059 INFO __main__ loading per-file H5 reads across 64 workers
2026-06-18 15:56:10,745 INFO __main__ loaded 200 / 1460
2026-06-18 15:56:39,860 INFO __main__ loaded 400 / 1460
2026-06-18 15:56:49,729 INFO __main__ loaded 600 / 1460
2026-06-18 15:56:57,419 INFO __main__ loaded 800 / 1460
2026-06-18 15:57:04,520 INFO __main__ loaded 1000 / 1460
2026-06-18 15:57:11,954 INFO __main__ loaded 1200 / 1460
2026-06-18 15:57:21,841 INFO __main__ loaded 1400 / 1460
2026-06-18 15:58:11,070 INFO __main__ writing Zarr to /work/hdd/bdiu/awikner/physicsnemo-zarr/e3sm/2044.zarr
/work/nvme/bdiu/awikner/physicsnemo/.venv/lib/python3.12/site-packages/zarr/api/asynchronous.py:231: ZarrUserWarning: Consolidated metadata is currently not part in the Zarr format 3 specification. It may not be supported by other zarr implementations and may change in the future.
  warnings.warn(
2026-06-18 15:59:31,635 INFO __main__ done: 16 vars, 1460 timesteps
[Thu Jun 18 15:59:33 CDT 2026] converting E3SM year 2045 ...
2026-06-18 15:59:35,340 INFO __main__ year 2045: 1460 sample files in [0, 1460)
2026-06-18 15:59:35,340 INFO __main__ loading per-file H5 reads across 64 workers
2026-06-18 15:59:43,748 INFO __main__ loaded 200 / 1460
2026-06-18 15:59:51,713 INFO __main__ loaded 400 / 1460
2026-06-18 15:59:58,450 INFO __main__ loaded 600 / 1460
2026-06-18 16:00:05,434 INFO __main__ loaded 800 / 1460
2026-06-18 16:00:12,981 INFO __main__ loaded 1000 / 1460
2026-06-18 16:00:20,066 INFO __main__ loaded 1200 / 1460
2026-06-18 16:00:26,863 INFO __main__ loaded 1400 / 1460
2026-06-18 16:01:04,940 INFO __main__ writing Zarr to /work/hdd/bdiu/awikner/physicsnemo-zarr/e3sm/2045.zarr
/work/nvme/bdiu/awikner/physicsnemo/.venv/lib/python3.12/site-packages/zarr/api/asynchronous.py:231: ZarrUserWarning: Consolidated metadata is currently not part in the Zarr format 3 specification. It may not be supported by other zarr implementations and may change in the future.
  warnings.warn(
2026-06-18 16:04:26,569 INFO __main__ done: 16 vars, 1460 timesteps
[Thu Jun 18 16:04:29 CDT 2026] converting E3SM year 2046 ...
2026-06-18 16:04:32,333 INFO __main__ year 2046: 1460 sample files in [0, 1460)
2026-06-18 16:04:32,333 INFO __main__ loading per-file H5 reads across 64 workers
2026-06-18 16:04:40,093 INFO __main__ loaded 200 / 1460
2026-06-18 16:04:49,298 INFO __main__ loaded 400 / 1460
2026-06-18 16:04:57,038 INFO __main__ loaded 600 / 1460
2026-06-18 16:05:08,625 INFO __main__ loaded 800 / 1460
2026-06-18 16:05:15,492 INFO __main__ loaded 1000 / 1460
2026-06-18 16:05:24,483 INFO __main__ loaded 1200 / 1460
2026-06-18 16:05:33,490 INFO __main__ loaded 1400 / 1460
2026-06-18 16:06:58,231 INFO __main__ writing Zarr to /work/hdd/bdiu/awikner/physicsnemo-zarr/e3sm/2046.zarr
/work/nvme/bdiu/awikner/physicsnemo/.venv/lib/python3.12/site-packages/zarr/api/asynchronous.py:231: ZarrUserWarning: Consolidated metadata is currently not part in the Zarr format 3 specification. It may not be supported by other zarr implementations and may change in the future.
  warnings.warn(
2026-06-18 16:08:19,620 INFO __main__ done: 16 vars, 1460 timesteps
[Thu Jun 18 16:08:22 CDT 2026] converting E3SM year 2047 ...
2026-06-18 16:08:23,595 INFO __main__ year 2047: 1460 sample files in [0, 1460)
2026-06-18 16:08:23,599 INFO __main__ loading per-file H5 reads across 64 workers
2026-06-18 16:08:32,768 INFO __main__ loaded 200 / 1460
2026-06-18 16:08:44,275 INFO __main__ loaded 400 / 1460
2026-06-18 16:08:51,012 INFO __main__ loaded 600 / 1460
2026-06-18 16:08:57,547 INFO __main__ loaded 800 / 1460
2026-06-18 16:09:04,146 INFO __main__ loaded 1000 / 1460
2026-06-18 16:09:12,274 INFO __main__ loaded 1200 / 1460
2026-06-18 16:09:19,354 INFO __main__ loaded 1400 / 1460
2026-06-18 16:11:09,663 INFO __main__ writing Zarr to /work/hdd/bdiu/awikner/physicsnemo-zarr/e3sm/2047.zarr
/work/nvme/bdiu/awikner/physicsnemo/.venv/lib/python3.12/site-packages/zarr/api/asynchronous.py:231: ZarrUserWarning: Consolidated metadata is currently not part in the Zarr format 3 specification. It may not be supported by other zarr implementations and may change in the future.
  warnings.warn(
2026-06-18 16:12:32,701 INFO __main__ done: 16 vars, 1460 timesteps
[Thu Jun 18 16:12:35 CDT 2026] converting E3SM year 2048 ...
2026-06-18 16:12:36,692 INFO __main__ year 2048: 1460 sample files in [0, 1460)
2026-06-18 16:12:36,693 INFO __main__ loading per-file H5 reads across 64 workers
2026-06-18 16:12:52,081 INFO __main__ loaded 200 / 1460
2026-06-18 16:13:04,494 INFO __main__ loaded 400 / 1460
2026-06-18 16:13:16,355 INFO __main__ loaded 600 / 1460
2026-06-18 16:13:26,730 INFO __main__ loaded 800 / 1460
2026-06-18 16:13:37,069 INFO __main__ loaded 1000 / 1460
2026-06-18 16:13:46,134 INFO __main__ loaded 1200 / 1460
2026-06-18 16:13:52,971 INFO __main__ loaded 1400 / 1460
2026-06-18 16:14:21,787 INFO __main__ writing Zarr to /work/hdd/bdiu/awikner/physicsnemo-zarr/e3sm/2048.zarr
/work/nvme/bdiu/awikner/physicsnemo/.venv/lib/python3.12/site-packages/zarr/api/asynchronous.py:231: ZarrUserWarning: Consolidated metadata is currently not part in the Zarr format 3 specification. It may not be supported by other zarr implementations and may change in the future.
  warnings.warn(
2026-06-18 16:18:26,469 INFO __main__ done: 16 vars, 1460 timesteps
[Thu Jun 18 16:18:28 CDT 2026] converting E3SM year 2049 ...
2026-06-18 16:18:30,463 INFO __main__ year 2049: 1460 sample files in [0, 1460)
2026-06-18 16:18:30,464 INFO __main__ loading per-file H5 reads across 64 workers
2026-06-18 16:18:38,705 INFO __main__ loaded 200 / 1460
2026-06-18 16:18:44,976 INFO __main__ loaded 400 / 1460
2026-06-18 16:18:51,737 INFO __main__ loaded 600 / 1460
2026-06-18 16:18:58,890 INFO __main__ loaded 800 / 1460
2026-06-18 16:19:06,137 INFO __main__ loaded 1000 / 1460
2026-06-18 16:19:13,100 INFO __main__ loaded 1200 / 1460
2026-06-18 16:19:20,076 INFO __main__ loaded 1400 / 1460
2026-06-18 16:19:44,613 INFO __main__ writing Zarr to /work/hdd/bdiu/awikner/physicsnemo-zarr/e3sm/2049.zarr
/work/nvme/bdiu/awikner/physicsnemo/.venv/lib/python3.12/site-packages/zarr/api/asynchronous.py:231: ZarrUserWarning: Consolidated metadata is currently not part in the Zarr format 3 specification. It may not be supported by other zarr implementations and may change in the future.
  warnings.warn(
2026-06-18 16:21:08,123 INFO __main__ done: 16 vars, 1460 timesteps
[Thu Jun 18 16:21:10 CDT 2026] building E3SM normalization Zarr ...
2026-06-18 16:21:13,395 INFO __main__ loaded 26 vars (mean) + 26 vars (std)
/work/nvme/bdiu/awikner/physicsnemo/.venv/lib/python3.12/site-packages/zarr/core/dtype/npy/string.py:249: UnstableSpecificationWarning: The data type (FixedLengthUTF32(length=4, endianness='little')) does not have a Zarr V3 specification. That means that the representation of arrays saved with this data type may change without warning in a future version of Zarr Python. Arrays stored with this data type may be unreadable by other Zarr libraries. Use this data type at your own risk! Check https://github.com/zarr-developers/zarr-extensions/tree/main/data-types for the status of data type specifications for Zarr V3.
  v3_unstable_dtype_warning(self)
/work/nvme/bdiu/awikner/physicsnemo/.venv/lib/python3.12/site-packages/zarr/api/asynchronous.py:231: ZarrUserWarning: Consolidated metadata is currently not part in the Zarr format 3 specification. It may not be supported by other zarr implementations and may change in the future.
  warnings.warn(
2026-06-18 16:21:17,192 INFO _common.normalization wrote normalization Zarr to /work/hdd/bdiu/awikner/physicsnemo-zarr/e3sm/normalization_2015-2050.zarr (vars=26, sigma_levels=0, pressure_levels=18)
[Thu Jun 18 16:21:17 CDT 2026] building E3SM climatology+bias Zarr ...
2026-06-18 16:21:31,474 INFO __main__ loaded climatology /work/hdd/bdiu/awikner/E3SM/E3SMv3_SSP245AMIP_CTL_SST0051_REST0101/sigma_data/climatology.nc (34 vars, time=365, lat=180, lon=360)
2026-06-18 16:21:31,492 INFO __main__ post soil decomposition: 42 vars (e.g. ['TSOI_10CM', 'H2OSOI_0.0071006352081894875', 'H2OSOI_0.027924999594688416', 'H2OSOI_0.06225857511162758', 'H2OSOI_0.11886506527662277', 'H2OSOI_0.21219339966773987'])
2026-06-18 16:21:31,505 INFO __main__ scanned bias dir /work/hdd/bdiu/awikner/E3SM/E3SMv3_SSP245AMIP_CTL_SST0051_REST0101/bias (17 vars)
2026-06-18 16:21:31,505 INFO _common.climatology_bias loading 510 bias .npy files across 64 worker processes
2026-06-18 16:21:32,541 INFO _common.climatology_bias merging 41 climatology vars + 17 bias vars → 41 unified vars
/work/nvme/bdiu/awikner/physicsnemo/.venv/lib/python3.12/site-packages/zarr/core/dtype/npy/string.py:249: UnstableSpecificationWarning: The data type (FixedLengthUTF32(length=4, endianness='little')) does not have a Zarr V3 specification. That means that the representation of arrays saved with this data type may change without warning in a future version of Zarr Python. Arrays stored with this data type may be unreadable by other Zarr libraries. Use this data type at your own risk! Check https://github.com/zarr-developers/zarr-extensions/tree/main/data-types for the status of data type specifications for Zarr V3.
  v3_unstable_dtype_warning(self)
/work/nvme/bdiu/awikner/physicsnemo/.venv/lib/python3.12/site-packages/zarr/api/asynchronous.py:231: ZarrUserWarning: Consolidated metadata is currently not part in the Zarr format 3 specification. It may not be supported by other zarr implementations and may change in the future.
  warnings.warn(
2026-06-18 16:26:22,058 INFO _common.climatology_bias wrote climatology+bias Zarr to /work/hdd/bdiu/awikner/physicsnemo-zarr/e3sm/climatology_bias.zarr (vars=75)
[Thu Jun 18 16:26:22 CDT 2026] E3SM full-archive conversion complete.
total 156
drwxrws---+ 39 awikner delta_bdiu 4096 Jun 18 16:25 .
drwxrws---+  5 awikner delta_bdiu 4096 Jun 18 13:27 ..
drwxrws---+ 22 awikner delta_bdiu 4096 Jun 18 14:12 2015.zarr
drwxrws---+ 22 awikner delta_bdiu 4096 Jun 18 14:15 2016.zarr
drwxrws---+ 22 awikner delta_bdiu 4096 Jun 18 14:19 2017.zarr
drwxrws---+ 22 awikner delta_bdiu 4096 Jun 18 14:23 2018.zarr
drwxrws---+ 22 awikner delta_bdiu 4096 Jun 18 14:27 2019.zarr
drwxrws---+ 22 awikner delta_bdiu 4096 Jun 18 14:34 2020.zarr
drwxrws---+ 22 awikner delta_bdiu 4096 Jun 18 14:37 2021.zarr
drwxrws---+ 22 awikner delta_bdiu 4096 Jun 18 14:40 2022.zarr
drwxrws---+ 22 awikner delta_bdiu 4096 Jun 18 14:43 2023.zarr
drwxrws---+ 22 awikner delta_bdiu 4096 Jun 18 14:48 2024.zarr
drwxrws---+ 22 awikner delta_bdiu 4096 Jun 18 14:52 2025.zarr
drwxrws---+ 22 awikner delta_bdiu 4096 Jun 18 14:55 2026.zarr
drwxrws---+ 22 awikner delta_bdiu 4096 Jun 18 14:57 2027.zarr
drwxrws---+ 22 awikner delta_bdiu 4096 Jun 18 15:04 2028.zarr
drwxrws---+ 22 awikner delta_bdiu 4096 Jun 18 15:07 2029.zarr
drwxrws---+ 22 awikner delta_bdiu 4096 Jun 18 15:10 2030.zarr
drwxrws---+ 22 awikner delta_bdiu 4096 Jun 18 15:13 2031.zarr
drwxrws---+ 22 awikner delta_bdiu 4096 Jun 18 15:18 2032.zarr
drwxrws---+ 22 awikner delta_bdiu 4096 Jun 18 15:21 2033.zarr
drwxrws---+ 22 awikner delta_bdiu 4096 Jun 18 15:24 2034.zarr
drwxrws---+ 22 awikner delta_bdiu 4096 Jun 18 15:27 2035.zarr
drwxrws---+ 22 awikner delta_bdiu 4096 Jun 18 15:30 2036.zarr
drwxrws---+ 22 awikner delta_bdiu 4096 Jun 18 15:34 2037.zarr
drwxrws---+ 22 awikner delta_bdiu 4096 Jun 18 15:37 2038.zarr
drwxrws---+ 22 awikner delta_bdiu 4096 Jun 18 15:39 2039.zarr
drwxrws---+ 22 awikner delta_bdiu 4096 Jun 18 15:43 2040.zarr
drwxrws---+ 22 awikner delta_bdiu 4096 Jun 18 15:48 2041.zarr
drwxrws---+ 22 awikner delta_bdiu 4096 Jun 18 15:51 2042.zarr
drwxrws---+ 22 awikner delta_bdiu 4096 Jun 18 15:55 2043.zarr
drwxrws---+ 22 awikner delta_bdiu 4096 Jun 18 15:59 2044.zarr
drwxrws---+ 22 awikner delta_bdiu 4096 Jun 18 16:04 2045.zarr
drwxrws---+ 22 awikner delta_bdiu 4096 Jun 18 16:08 2046.zarr
drwxrws---+ 22 awikner delta_bdiu 4096 Jun 18 16:12 2047.zarr
drwxrws---+ 22 awikner delta_bdiu 4096 Jun 18 16:18 2048.zarr
drwxrws---+ 22 awikner delta_bdiu 4096 Jun 18 16:21 2049.zarr
drwxrws---+ 83 awikner delta_bdiu 4096 Jun 18 16:26 climatology_bias.zarr
drwxrws---+ 30 awikner delta_bdiu 4096 Jun 18 16:21 normalization_2015-2050.zarr
