[Thu Jun 18 14:09:21 CDT 2026] converting ERA5 year 1979 ...
2026-06-18 14:09:25,911 INFO __main__ year 1979: 1460 sample files in [0, 1460)
2026-06-18 14:09:25,911 INFO __main__ loading per-file H5 reads across 64 workers
2026-06-18 14:09:47,211 INFO __main__ loaded 200 / 1460
2026-06-18 14:10:03,695 INFO __main__ loaded 400 / 1460
2026-06-18 14:10:20,751 INFO __main__ loaded 600 / 1460
2026-06-18 14:10:33,126 INFO __main__ loaded 800 / 1460
2026-06-18 14:10:45,219 INFO __main__ loaded 1000 / 1460
2026-06-18 14:10:58,940 INFO __main__ loaded 1200 / 1460
2026-06-18 14:11:12,448 INFO __main__ loaded 1400 / 1460
2026-06-18 14:11:40,832 INFO __main__ writing Zarr to /work/hdd/bdiu/awikner/physicsnemo-zarr/era5/1979.zarr
/work/nvme/bdiu/awikner/physicsnemo/.venv/lib/python3.12/site-packages/zarr/api/asynchronous.py:231: ZarrUserWarning: Consolidated metadata is currently not part in the Zarr format 3 specification. It may not be supported by other zarr implementations and may change in the future.
  warnings.warn(
2026-06-18 14:13:16,579 INFO __main__ done: 15 vars, 1460 timesteps
[Thu Jun 18 14:13:21 CDT 2026] converting ERA5 year 1980 ...
2026-06-18 14:13:24,451 INFO __main__ year 1980: 1464 sample files in [0, 1464)
2026-06-18 14:13:24,455 INFO __main__ loading per-file H5 reads across 64 workers
2026-06-18 14:13:40,390 INFO __main__ loaded 200 / 1464
2026-06-18 14:13:53,015 INFO __main__ loaded 400 / 1464
2026-06-18 14:14:04,754 INFO __main__ loaded 600 / 1464
2026-06-18 14:14:18,984 INFO __main__ loaded 800 / 1464
2026-06-18 14:14:29,454 INFO __main__ loaded 1000 / 1464
2026-06-18 14:14:41,965 INFO __main__ loaded 1200 / 1464
2026-06-18 14:14:59,955 INFO __main__ loaded 1400 / 1464
2026-06-18 14:15:35,165 INFO __main__ writing Zarr to /work/hdd/bdiu/awikner/physicsnemo-zarr/era5/1980.zarr
/work/nvme/bdiu/awikner/physicsnemo/.venv/lib/python3.12/site-packages/zarr/api/asynchronous.py:231: ZarrUserWarning: Consolidated metadata is currently not part in the Zarr format 3 specification. It may not be supported by other zarr implementations and may change in the future.
  warnings.warn(
2026-06-18 14:19:27,743 INFO __main__ done: 15 vars, 1464 timesteps
[Thu Jun 18 14:19:30 CDT 2026] converting ERA5 year 1981 ...
2026-06-18 14:19:33,503 INFO __main__ year 1981: 1460 sample files in [0, 1460)
2026-06-18 14:19:33,507 INFO __main__ loading per-file H5 reads across 64 workers
2026-06-18 14:19:52,349 INFO __main__ loaded 200 / 1460
2026-06-18 14:20:05,170 INFO __main__ loaded 400 / 1460
2026-06-18 14:20:19,141 INFO __main__ loaded 600 / 1460
2026-06-18 14:20:33,523 INFO __main__ loaded 800 / 1460
2026-06-18 14:20:51,588 INFO __main__ loaded 1000 / 1460
2026-06-18 14:21:05,087 INFO __main__ loaded 1200 / 1460
2026-06-18 14:21:16,092 INFO __main__ loaded 1400 / 1460
2026-06-18 14:21:49,692 INFO __main__ writing Zarr to /work/hdd/bdiu/awikner/physicsnemo-zarr/era5/1981.zarr
/work/nvme/bdiu/awikner/physicsnemo/.venv/lib/python3.12/site-packages/zarr/api/asynchronous.py:231: ZarrUserWarning: Consolidated metadata is currently not part in the Zarr format 3 specification. It may not be supported by other zarr implementations and may change in the future.
  warnings.warn(
2026-06-18 14:23:17,398 INFO __main__ done: 15 vars, 1460 timesteps
[Thu Jun 18 14:23:19 CDT 2026] converting ERA5 year 1982 ...
2026-06-18 14:23:22,919 INFO __main__ year 1982: 1460 sample files in [0, 1460)
2026-06-18 14:23:22,922 INFO __main__ loading per-file H5 reads across 64 workers
2026-06-18 14:23:37,317 INFO __main__ loaded 200 / 1460
2026-06-18 14:23:49,947 INFO __main__ loaded 400 / 1460
2026-06-18 14:24:01,094 INFO __main__ loaded 600 / 1460
2026-06-18 14:24:12,710 INFO __main__ loaded 800 / 1460
2026-06-18 14:24:23,282 INFO __main__ loaded 1000 / 1460
2026-06-18 14:24:33,001 INFO __main__ loaded 1200 / 1460
2026-06-18 14:24:44,808 INFO __main__ loaded 1400 / 1460
2026-06-18 14:25:10,534 INFO __main__ writing Zarr to /work/hdd/bdiu/awikner/physicsnemo-zarr/era5/1982.zarr
/work/nvme/bdiu/awikner/physicsnemo/.venv/lib/python3.12/site-packages/zarr/api/asynchronous.py:231: ZarrUserWarning: Consolidated metadata is currently not part in the Zarr format 3 specification. It may not be supported by other zarr implementations and may change in the future.
  warnings.warn(
2026-06-18 14:26:33,780 INFO __main__ done: 15 vars, 1460 timesteps
[Thu Jun 18 14:26:36 CDT 2026] converting ERA5 year 1983 ...
2026-06-18 14:26:39,851 INFO __main__ year 1983: 1460 sample files in [0, 1460)
2026-06-18 14:26:39,853 INFO __main__ loading per-file H5 reads across 64 workers
2026-06-18 14:26:52,870 INFO __main__ loaded 200 / 1460
2026-06-18 14:27:03,368 INFO __main__ loaded 400 / 1460
2026-06-18 14:27:13,446 INFO __main__ loaded 600 / 1460
2026-06-18 14:27:27,367 INFO __main__ loaded 800 / 1460
2026-06-18 14:27:38,553 INFO __main__ loaded 1000 / 1460
2026-06-18 14:27:51,524 INFO __main__ loaded 1200 / 1460
2026-06-18 14:28:01,203 INFO __main__ loaded 1400 / 1460
2026-06-18 14:28:21,336 INFO __main__ writing Zarr to /work/hdd/bdiu/awikner/physicsnemo-zarr/era5/1983.zarr
/work/nvme/bdiu/awikner/physicsnemo/.venv/lib/python3.12/site-packages/zarr/api/asynchronous.py:231: ZarrUserWarning: Consolidated metadata is currently not part in the Zarr format 3 specification. It may not be supported by other zarr implementations and may change in the future.
  warnings.warn(
2026-06-18 14:29:44,614 INFO __main__ done: 15 vars, 1460 timesteps
[Thu Jun 18 14:29:46 CDT 2026] converting ERA5 year 1984 ...
2026-06-18 14:29:49,728 INFO __main__ year 1984: 1464 sample files in [0, 1464)
2026-06-18 14:29:49,732 INFO __main__ loading per-file H5 reads across 64 workers
2026-06-18 14:30:02,180 INFO __main__ loaded 200 / 1464
2026-06-18 14:30:13,034 INFO __main__ loaded 400 / 1464
2026-06-18 14:30:23,702 INFO __main__ loaded 600 / 1464
2026-06-18 14:30:34,120 INFO __main__ loaded 800 / 1464
2026-06-18 14:30:44,001 INFO __main__ loaded 1000 / 1464
2026-06-18 14:30:58,340 INFO __main__ loaded 1200 / 1464
2026-06-18 14:31:08,550 INFO __main__ loaded 1400 / 1464
2026-06-18 14:31:41,876 INFO __main__ writing Zarr to /work/hdd/bdiu/awikner/physicsnemo-zarr/era5/1984.zarr
/work/nvme/bdiu/awikner/physicsnemo/.venv/lib/python3.12/site-packages/zarr/api/asynchronous.py:231: ZarrUserWarning: Consolidated metadata is currently not part in the Zarr format 3 specification. It may not be supported by other zarr implementations and may change in the future.
  warnings.warn(
2026-06-18 14:34:29,318 INFO __main__ done: 15 vars, 1464 timesteps
[Thu Jun 18 14:34:31 CDT 2026] converting ERA5 year 1985 ...
2026-06-18 14:34:35,476 INFO __main__ year 1985: 1460 sample files in [0, 1460)
2026-06-18 14:34:35,479 INFO __main__ loading per-file H5 reads across 64 workers
2026-06-18 14:34:47,640 INFO __main__ loaded 200 / 1460
2026-06-18 14:34:58,484 INFO __main__ loaded 400 / 1460
2026-06-18 14:35:08,934 INFO __main__ loaded 600 / 1460
2026-06-18 14:35:17,675 INFO __main__ loaded 800 / 1460
2026-06-18 14:35:27,181 INFO __main__ loaded 1000 / 1460
2026-06-18 14:35:36,479 INFO __main__ loaded 1200 / 1460
2026-06-18 14:35:45,565 INFO __main__ loaded 1400 / 1460
2026-06-18 14:36:14,801 INFO __main__ writing Zarr to /work/hdd/bdiu/awikner/physicsnemo-zarr/era5/1985.zarr
/work/nvme/bdiu/awikner/physicsnemo/.venv/lib/python3.12/site-packages/zarr/api/asynchronous.py:231: ZarrUserWarning: Consolidated metadata is currently not part in the Zarr format 3 specification. It may not be supported by other zarr implementations and may change in the future.
  warnings.warn(
2026-06-18 14:37:34,610 INFO __main__ done: 15 vars, 1460 timesteps
[Thu Jun 18 14:37:36 CDT 2026] converting ERA5 year 1986 ...
2026-06-18 14:37:39,868 INFO __main__ year 1986: 1460 sample files in [0, 1460)
2026-06-18 14:37:39,868 INFO __main__ loading per-file H5 reads across 64 workers
2026-06-18 14:37:53,635 INFO __main__ loaded 200 / 1460
2026-06-18 14:38:05,556 INFO __main__ loaded 400 / 1460
2026-06-18 14:38:16,082 INFO __main__ loaded 600 / 1460
2026-06-18 14:38:28,517 INFO __main__ loaded 800 / 1460
2026-06-18 14:38:41,732 INFO __main__ loaded 1000 / 1460
2026-06-18 14:38:52,459 INFO __main__ loaded 1200 / 1460
2026-06-18 14:39:02,977 INFO __main__ loaded 1400 / 1460
2026-06-18 14:39:25,241 INFO __main__ writing Zarr to /work/hdd/bdiu/awikner/physicsnemo-zarr/era5/1986.zarr
/work/nvme/bdiu/awikner/physicsnemo/.venv/lib/python3.12/site-packages/zarr/api/asynchronous.py:231: ZarrUserWarning: Consolidated metadata is currently not part in the Zarr format 3 specification. It may not be supported by other zarr implementations and may change in the future.
  warnings.warn(
2026-06-18 14:40:48,358 INFO __main__ done: 15 vars, 1460 timesteps
[Thu Jun 18 14:40:50 CDT 2026] converting ERA5 year 1987 ...
2026-06-18 14:40:54,544 INFO __main__ year 1987: 1460 sample files in [0, 1460)
2026-06-18 14:40:54,548 INFO __main__ loading per-file H5 reads across 64 workers
2026-06-18 14:41:07,914 INFO __main__ loaded 200 / 1460
2026-06-18 14:41:17,910 INFO __main__ loaded 400 / 1460
2026-06-18 14:41:28,345 INFO __main__ loaded 600 / 1460
2026-06-18 14:41:40,480 INFO __main__ loaded 800 / 1460
2026-06-18 14:41:50,984 INFO __main__ loaded 1000 / 1460
2026-06-18 14:41:59,471 INFO __main__ loaded 1200 / 1460
2026-06-18 14:42:09,524 INFO __main__ loaded 1400 / 1460
2026-06-18 14:42:38,562 INFO __main__ writing Zarr to /work/hdd/bdiu/awikner/physicsnemo-zarr/era5/1987.zarr
/work/nvme/bdiu/awikner/physicsnemo/.venv/lib/python3.12/site-packages/zarr/api/asynchronous.py:231: ZarrUserWarning: Consolidated metadata is currently not part in the Zarr format 3 specification. It may not be supported by other zarr implementations and may change in the future.
  warnings.warn(
2026-06-18 14:44:04,364 INFO __main__ done: 15 vars, 1460 timesteps
[Thu Jun 18 14:44:06 CDT 2026] converting ERA5 year 1988 ...
2026-06-18 14:44:09,939 INFO __main__ year 1988: 1464 sample files in [0, 1464)
2026-06-18 14:44:09,943 INFO __main__ loading per-file H5 reads across 64 workers
2026-06-18 14:44:23,530 INFO __main__ loaded 200 / 1464
2026-06-18 14:44:34,624 INFO __main__ loaded 400 / 1464
2026-06-18 14:44:45,454 INFO __main__ loaded 600 / 1464
2026-06-18 14:44:55,876 INFO __main__ loaded 800 / 1464
2026-06-18 14:45:06,409 INFO __main__ loaded 1000 / 1464
2026-06-18 14:45:17,267 INFO __main__ loaded 1200 / 1464
2026-06-18 14:45:28,691 INFO __main__ loaded 1400 / 1464
2026-06-18 14:46:02,580 INFO __main__ writing Zarr to /work/hdd/bdiu/awikner/physicsnemo-zarr/era5/1988.zarr
/work/nvme/bdiu/awikner/physicsnemo/.venv/lib/python3.12/site-packages/zarr/api/asynchronous.py:231: ZarrUserWarning: Consolidated metadata is currently not part in the Zarr format 3 specification. It may not be supported by other zarr implementations and may change in the future.
  warnings.warn(
2026-06-18 14:49:47,625 INFO __main__ done: 15 vars, 1464 timesteps
[Thu Jun 18 14:49:49 CDT 2026] converting ERA5 year 1989 ...
2026-06-18 14:49:53,063 INFO __main__ year 1989: 1460 sample files in [0, 1460)
2026-06-18 14:49:53,066 INFO __main__ loading per-file H5 reads across 64 workers
2026-06-18 14:50:08,392 INFO __main__ loaded 200 / 1460
2026-06-18 14:50:20,774 INFO __main__ loaded 400 / 1460
2026-06-18 14:50:31,866 INFO __main__ loaded 600 / 1460
2026-06-18 14:50:43,072 INFO __main__ loaded 800 / 1460
2026-06-18 14:50:54,200 INFO __main__ loaded 1000 / 1460
2026-06-18 14:51:05,359 INFO __main__ loaded 1200 / 1460
2026-06-18 14:51:16,413 INFO __main__ loaded 1400 / 1460
2026-06-18 14:51:38,209 INFO __main__ writing Zarr to /work/hdd/bdiu/awikner/physicsnemo-zarr/era5/1989.zarr
/work/nvme/bdiu/awikner/physicsnemo/.venv/lib/python3.12/site-packages/zarr/api/asynchronous.py:231: ZarrUserWarning: Consolidated metadata is currently not part in the Zarr format 3 specification. It may not be supported by other zarr implementations and may change in the future.
  warnings.warn(
2026-06-18 14:53:00,058 INFO __main__ done: 15 vars, 1460 timesteps
[Thu Jun 18 14:53:02 CDT 2026] converting ERA5 year 1990 ...
2026-06-18 14:53:06,585 INFO __main__ year 1990: 1460 sample files in [0, 1460)
2026-06-18 14:53:06,587 INFO __main__ loading per-file H5 reads across 64 workers
2026-06-18 14:53:21,022 INFO __main__ loaded 200 / 1460
2026-06-18 14:53:31,386 INFO __main__ loaded 400 / 1460
2026-06-18 14:53:41,720 INFO __main__ loaded 600 / 1460
2026-06-18 14:53:53,980 INFO __main__ loaded 800 / 1460
2026-06-18 14:54:03,489 INFO __main__ loaded 1000 / 1460
2026-06-18 14:54:13,089 INFO __main__ loaded 1200 / 1460
2026-06-18 14:54:26,861 INFO __main__ loaded 1400 / 1460
2026-06-18 14:54:47,412 INFO __main__ writing Zarr to /work/hdd/bdiu/awikner/physicsnemo-zarr/era5/1990.zarr
/work/nvme/bdiu/awikner/physicsnemo/.venv/lib/python3.12/site-packages/zarr/api/asynchronous.py:231: ZarrUserWarning: Consolidated metadata is currently not part in the Zarr format 3 specification. It may not be supported by other zarr implementations and may change in the future.
  warnings.warn(
2026-06-18 14:56:14,633 INFO __main__ done: 15 vars, 1460 timesteps
[Thu Jun 18 14:56:17 CDT 2026] converting ERA5 year 1991 ...
2026-06-18 14:56:20,976 INFO __main__ year 1991: 1460 sample files in [0, 1460)
2026-06-18 14:56:20,979 INFO __main__ loading per-file H5 reads across 64 workers
2026-06-18 14:56:36,031 INFO __main__ loaded 200 / 1460
2026-06-18 14:56:46,412 INFO __main__ loaded 400 / 1460
2026-06-18 14:56:57,231 INFO __main__ loaded 600 / 1460
2026-06-18 14:57:10,707 INFO __main__ loaded 800 / 1460
2026-06-18 14:57:25,731 INFO __main__ loaded 1000 / 1460
2026-06-18 14:57:39,444 INFO __main__ loaded 1200 / 1460
2026-06-18 14:57:53,465 INFO __main__ loaded 1400 / 1460
2026-06-18 14:58:55,309 INFO __main__ writing Zarr to /work/hdd/bdiu/awikner/physicsnemo-zarr/era5/1991.zarr
/work/nvme/bdiu/awikner/physicsnemo/.venv/lib/python3.12/site-packages/zarr/api/asynchronous.py:231: ZarrUserWarning: Consolidated metadata is currently not part in the Zarr format 3 specification. It may not be supported by other zarr implementations and may change in the future.
  warnings.warn(
2026-06-18 15:00:26,931 INFO __main__ done: 15 vars, 1460 timesteps
[Thu Jun 18 15:00:29 CDT 2026] converting ERA5 year 1992 ...
2026-06-18 15:00:32,466 INFO __main__ year 1992: 1464 sample files in [0, 1464)
2026-06-18 15:00:32,469 INFO __main__ loading per-file H5 reads across 64 workers
2026-06-18 15:00:46,278 INFO __main__ loaded 200 / 1464
2026-06-18 15:01:00,699 INFO __main__ loaded 400 / 1464
2026-06-18 15:01:11,812 INFO __main__ loaded 600 / 1464
2026-06-18 15:01:23,835 INFO __main__ loaded 800 / 1464
2026-06-18 15:01:36,304 INFO __main__ loaded 1000 / 1464
2026-06-18 15:01:47,389 INFO __main__ loaded 1200 / 1464
2026-06-18 15:01:59,380 INFO __main__ loaded 1400 / 1464
2026-06-18 15:02:38,883 INFO __main__ writing Zarr to /work/hdd/bdiu/awikner/physicsnemo-zarr/era5/1992.zarr
/work/nvme/bdiu/awikner/physicsnemo/.venv/lib/python3.12/site-packages/zarr/api/asynchronous.py:231: ZarrUserWarning: Consolidated metadata is currently not part in the Zarr format 3 specification. It may not be supported by other zarr implementations and may change in the future.
  warnings.warn(
2026-06-18 15:04:35,515 INFO __main__ done: 15 vars, 1464 timesteps
[Thu Jun 18 15:04:37 CDT 2026] converting ERA5 year 1993 ...
2026-06-18 15:04:40,940 INFO __main__ year 1993: 1460 sample files in [0, 1460)
2026-06-18 15:04:40,943 INFO __main__ loading per-file H5 reads across 64 workers
2026-06-18 15:04:56,866 INFO __main__ loaded 200 / 1460
2026-06-18 15:05:08,483 INFO __main__ loaded 400 / 1460
2026-06-18 15:05:19,037 INFO __main__ loaded 600 / 1460
2026-06-18 15:05:32,453 INFO __main__ loaded 800 / 1460
2026-06-18 15:05:42,066 INFO __main__ loaded 1000 / 1460
2026-06-18 15:05:52,407 INFO __main__ loaded 1200 / 1460
2026-06-18 15:06:02,238 INFO __main__ loaded 1400 / 1460
2026-06-18 15:06:29,964 INFO __main__ writing Zarr to /work/hdd/bdiu/awikner/physicsnemo-zarr/era5/1993.zarr
/work/nvme/bdiu/awikner/physicsnemo/.venv/lib/python3.12/site-packages/zarr/api/asynchronous.py:231: ZarrUserWarning: Consolidated metadata is currently not part in the Zarr format 3 specification. It may not be supported by other zarr implementations and may change in the future.
  warnings.warn(
2026-06-18 15:07:56,555 INFO __main__ done: 15 vars, 1460 timesteps
[Thu Jun 18 15:07:58 CDT 2026] converting ERA5 year 1994 ...
2026-06-18 15:08:01,794 INFO __main__ year 1994: 1460 sample files in [0, 1460)
2026-06-18 15:08:01,795 INFO __main__ loading per-file H5 reads across 64 workers
2026-06-18 15:08:14,133 INFO __main__ loaded 200 / 1460
2026-06-18 15:08:24,240 INFO __main__ loaded 400 / 1460
2026-06-18 15:08:35,860 INFO __main__ loaded 600 / 1460
2026-06-18 15:08:45,499 INFO __main__ loaded 800 / 1460
2026-06-18 15:08:55,266 INFO __main__ loaded 1000 / 1460
2026-06-18 15:09:06,210 INFO __main__ loaded 1200 / 1460
2026-06-18 15:09:17,488 INFO __main__ loaded 1400 / 1460
2026-06-18 15:09:43,367 INFO __main__ writing Zarr to /work/hdd/bdiu/awikner/physicsnemo-zarr/era5/1994.zarr
/work/nvme/bdiu/awikner/physicsnemo/.venv/lib/python3.12/site-packages/zarr/api/asynchronous.py:231: ZarrUserWarning: Consolidated metadata is currently not part in the Zarr format 3 specification. It may not be supported by other zarr implementations and may change in the future.
  warnings.warn(
2026-06-18 15:11:07,180 INFO __main__ done: 15 vars, 1460 timesteps
[Thu Jun 18 15:11:09 CDT 2026] converting ERA5 year 1995 ...
2026-06-18 15:11:13,080 INFO __main__ year 1995: 1460 sample files in [0, 1460)
2026-06-18 15:11:13,084 INFO __main__ loading per-file H5 reads across 64 workers
2026-06-18 15:11:25,244 INFO __main__ loaded 200 / 1460
2026-06-18 15:11:34,860 INFO __main__ loaded 400 / 1460
2026-06-18 15:11:43,907 INFO __main__ loaded 600 / 1460
2026-06-18 15:11:54,260 INFO __main__ loaded 800 / 1460
2026-06-18 15:12:05,154 INFO __main__ loaded 1000 / 1460
2026-06-18 15:12:15,522 INFO __main__ loaded 1200 / 1460
2026-06-18 15:12:28,832 INFO __main__ loaded 1400 / 1460
2026-06-18 15:12:54,259 INFO __main__ writing Zarr to /work/hdd/bdiu/awikner/physicsnemo-zarr/era5/1995.zarr
/work/nvme/bdiu/awikner/physicsnemo/.venv/lib/python3.12/site-packages/zarr/api/asynchronous.py:231: ZarrUserWarning: Consolidated metadata is currently not part in the Zarr format 3 specification. It may not be supported by other zarr implementations and may change in the future.
  warnings.warn(
2026-06-18 15:14:48,328 INFO __main__ done: 15 vars, 1460 timesteps
[Thu Jun 18 15:14:50 CDT 2026] converting ERA5 year 1996 ...
2026-06-18 15:14:54,218 INFO __main__ year 1996: 1464 sample files in [0, 1464)
2026-06-18 15:14:54,222 INFO __main__ loading per-file H5 reads across 64 workers
2026-06-18 15:15:07,117 INFO __main__ loaded 200 / 1464
2026-06-18 15:15:18,079 INFO __main__ loaded 400 / 1464
2026-06-18 15:15:34,290 INFO __main__ loaded 600 / 1464
2026-06-18 15:15:47,703 INFO __main__ loaded 800 / 1464
2026-06-18 15:16:02,012 INFO __main__ loaded 1000 / 1464
2026-06-18 15:16:13,095 INFO __main__ loaded 1200 / 1464
2026-06-18 15:16:24,702 INFO __main__ loaded 1400 / 1464
2026-06-18 15:16:56,417 INFO __main__ writing Zarr to /work/hdd/bdiu/awikner/physicsnemo-zarr/era5/1996.zarr
/work/nvme/bdiu/awikner/physicsnemo/.venv/lib/python3.12/site-packages/zarr/api/asynchronous.py:231: ZarrUserWarning: Consolidated metadata is currently not part in the Zarr format 3 specification. It may not be supported by other zarr implementations and may change in the future.
  warnings.warn(
2026-06-18 15:19:37,324 INFO __main__ done: 15 vars, 1464 timesteps
[Thu Jun 18 15:19:39 CDT 2026] converting ERA5 year 1997 ...
2026-06-18 15:19:43,291 INFO __main__ year 1997: 1460 sample files in [0, 1460)
2026-06-18 15:19:43,293 INFO __main__ loading per-file H5 reads across 64 workers
2026-06-18 15:19:55,237 INFO __main__ loaded 200 / 1460
2026-06-18 15:20:05,137 INFO __main__ loaded 400 / 1460
2026-06-18 15:20:15,494 INFO __main__ loaded 600 / 1460
2026-06-18 15:20:26,009 INFO __main__ loaded 800 / 1460
2026-06-18 15:20:36,911 INFO __main__ loaded 1000 / 1460
2026-06-18 15:20:47,433 INFO __main__ loaded 1200 / 1460
2026-06-18 15:20:57,360 INFO __main__ loaded 1400 / 1460
2026-06-18 15:21:24,374 INFO __main__ writing Zarr to /work/hdd/bdiu/awikner/physicsnemo-zarr/era5/1997.zarr
/work/nvme/bdiu/awikner/physicsnemo/.venv/lib/python3.12/site-packages/zarr/api/asynchronous.py:231: ZarrUserWarning: Consolidated metadata is currently not part in the Zarr format 3 specification. It may not be supported by other zarr implementations and may change in the future.
  warnings.warn(
2026-06-18 15:23:46,526 INFO __main__ done: 15 vars, 1460 timesteps
[Thu Jun 18 15:23:48 CDT 2026] converting ERA5 year 1998 ...
2026-06-18 15:23:51,956 INFO __main__ year 1998: 1460 sample files in [0, 1460)
2026-06-18 15:23:51,959 INFO __main__ loading per-file H5 reads across 64 workers
2026-06-18 15:24:04,713 INFO __main__ loaded 200 / 1460
2026-06-18 15:24:13,593 INFO __main__ loaded 400 / 1460
2026-06-18 15:24:23,399 INFO __main__ loaded 600 / 1460
2026-06-18 15:24:33,873 INFO __main__ loaded 800 / 1460
2026-06-18 15:24:44,839 INFO __main__ loaded 1000 / 1460
2026-06-18 15:24:55,375 INFO __main__ loaded 1200 / 1460
2026-06-18 15:25:09,921 INFO __main__ loaded 1400 / 1460
2026-06-18 15:25:40,167 INFO __main__ writing Zarr to /work/hdd/bdiu/awikner/physicsnemo-zarr/era5/1998.zarr
/work/nvme/bdiu/awikner/physicsnemo/.venv/lib/python3.12/site-packages/zarr/api/asynchronous.py:231: ZarrUserWarning: Consolidated metadata is currently not part in the Zarr format 3 specification. It may not be supported by other zarr implementations and may change in the future.
  warnings.warn(
2026-06-18 15:27:04,203 INFO __main__ done: 15 vars, 1460 timesteps
[Thu Jun 18 15:27:07 CDT 2026] converting ERA5 year 1999 ...
2026-06-18 15:27:11,155 INFO __main__ year 1999: 1460 sample files in [0, 1460)
2026-06-18 15:27:11,158 INFO __main__ loading per-file H5 reads across 64 workers
2026-06-18 15:27:23,741 INFO __main__ loaded 200 / 1460
2026-06-18 15:27:34,449 INFO __main__ loaded 400 / 1460
2026-06-18 15:27:46,055 INFO __main__ loaded 600 / 1460
2026-06-18 15:27:55,889 INFO __main__ loaded 800 / 1460
2026-06-18 15:28:07,087 INFO __main__ loaded 1000 / 1460
2026-06-18 15:28:19,723 INFO __main__ loaded 1200 / 1460
2026-06-18 15:28:29,958 INFO __main__ loaded 1400 / 1460
2026-06-18 15:29:05,066 INFO __main__ writing Zarr to /work/hdd/bdiu/awikner/physicsnemo-zarr/era5/1999.zarr
/work/nvme/bdiu/awikner/physicsnemo/.venv/lib/python3.12/site-packages/zarr/api/asynchronous.py:231: ZarrUserWarning: Consolidated metadata is currently not part in the Zarr format 3 specification. It may not be supported by other zarr implementations and may change in the future.
  warnings.warn(
2026-06-18 15:30:32,472 INFO __main__ done: 15 vars, 1460 timesteps
[Thu Jun 18 15:30:36 CDT 2026] converting ERA5 year 2000 ...
2026-06-18 15:30:49,363 INFO __main__ year 2000: 1464 sample files in [0, 1464)
2026-06-18 15:30:49,388 INFO __main__ loading per-file H5 reads across 64 workers
2026-06-18 15:31:01,875 INFO __main__ loaded 200 / 1464
2026-06-18 15:31:11,940 INFO __main__ loaded 400 / 1464
2026-06-18 15:31:22,504 INFO __main__ loaded 600 / 1464
2026-06-18 15:31:33,662 INFO __main__ loaded 800 / 1464
2026-06-18 15:31:43,585 INFO __main__ loaded 1000 / 1464
2026-06-18 15:31:57,618 INFO __main__ loaded 1200 / 1464
2026-06-18 15:32:06,440 INFO __main__ loaded 1400 / 1464
2026-06-18 15:32:42,636 INFO __main__ writing Zarr to /work/hdd/bdiu/awikner/physicsnemo-zarr/era5/2000.zarr
/work/nvme/bdiu/awikner/physicsnemo/.venv/lib/python3.12/site-packages/zarr/api/asynchronous.py:231: ZarrUserWarning: Consolidated metadata is currently not part in the Zarr format 3 specification. It may not be supported by other zarr implementations and may change in the future.
  warnings.warn(
2026-06-18 15:34:34,959 INFO __main__ done: 15 vars, 1464 timesteps
[Thu Jun 18 15:34:38 CDT 2026] converting ERA5 year 2001 ...
2026-06-18 15:34:41,211 INFO __main__ year 2001: 1460 sample files in [0, 1460)
2026-06-18 15:34:41,215 INFO __main__ loading per-file H5 reads across 64 workers
2026-06-18 15:34:55,041 INFO __main__ loaded 200 / 1460
2026-06-18 15:35:04,093 INFO __main__ loaded 400 / 1460
2026-06-18 15:35:13,713 INFO __main__ loaded 600 / 1460
2026-06-18 15:35:26,722 INFO __main__ loaded 800 / 1460
2026-06-18 15:35:36,008 INFO __main__ loaded 1000 / 1460
2026-06-18 15:35:44,882 INFO __main__ loaded 1200 / 1460
2026-06-18 15:35:53,886 INFO __main__ loaded 1400 / 1460
2026-06-18 15:36:30,860 INFO __main__ writing Zarr to /work/hdd/bdiu/awikner/physicsnemo-zarr/era5/2001.zarr
/work/nvme/bdiu/awikner/physicsnemo/.venv/lib/python3.12/site-packages/zarr/api/asynchronous.py:231: ZarrUserWarning: Consolidated metadata is currently not part in the Zarr format 3 specification. It may not be supported by other zarr implementations and may change in the future.
  warnings.warn(
2026-06-18 15:37:53,045 INFO __main__ done: 15 vars, 1460 timesteps
[Thu Jun 18 15:37:54 CDT 2026] converting ERA5 year 2002 ...
2026-06-18 15:37:58,381 INFO __main__ year 2002: 1460 sample files in [0, 1460)
2026-06-18 15:37:58,384 INFO __main__ loading per-file H5 reads across 64 workers
2026-06-18 15:38:09,592 INFO __main__ loaded 200 / 1460
2026-06-18 15:38:19,509 INFO __main__ loaded 400 / 1460
2026-06-18 15:38:28,593 INFO __main__ loaded 600 / 1460
2026-06-18 15:38:38,053 INFO __main__ loaded 800 / 1460
2026-06-18 15:38:47,421 INFO __main__ loaded 1000 / 1460
2026-06-18 15:38:57,031 INFO __main__ loaded 1200 / 1460
2026-06-18 15:39:10,340 INFO __main__ loaded 1400 / 1460
2026-06-18 15:39:44,629 INFO __main__ writing Zarr to /work/hdd/bdiu/awikner/physicsnemo-zarr/era5/2002.zarr
/work/nvme/bdiu/awikner/physicsnemo/.venv/lib/python3.12/site-packages/zarr/api/asynchronous.py:231: ZarrUserWarning: Consolidated metadata is currently not part in the Zarr format 3 specification. It may not be supported by other zarr implementations and may change in the future.
  warnings.warn(
2026-06-18 15:41:13,225 INFO __main__ done: 15 vars, 1460 timesteps
[Thu Jun 18 15:41:15 CDT 2026] converting ERA5 year 2003 ...
2026-06-18 15:41:18,796 INFO __main__ year 2003: 1460 sample files in [0, 1460)
2026-06-18 15:41:18,799 INFO __main__ loading per-file H5 reads across 64 workers
2026-06-18 15:41:29,796 INFO __main__ loaded 200 / 1460
2026-06-18 15:41:40,702 INFO __main__ loaded 400 / 1460
2026-06-18 15:41:50,101 INFO __main__ loaded 600 / 1460
2026-06-18 15:42:00,892 INFO __main__ loaded 800 / 1460
2026-06-18 15:42:12,040 INFO __main__ loaded 1000 / 1460
2026-06-18 15:42:20,604 INFO __main__ loaded 1200 / 1460
2026-06-18 15:42:31,566 INFO __main__ loaded 1400 / 1460
2026-06-18 15:42:53,330 INFO __main__ writing Zarr to /work/hdd/bdiu/awikner/physicsnemo-zarr/era5/2003.zarr
/work/nvme/bdiu/awikner/physicsnemo/.venv/lib/python3.12/site-packages/zarr/api/asynchronous.py:231: ZarrUserWarning: Consolidated metadata is currently not part in the Zarr format 3 specification. It may not be supported by other zarr implementations and may change in the future.
  warnings.warn(
2026-06-18 15:44:16,915 INFO __main__ done: 15 vars, 1460 timesteps
[Thu Jun 18 15:44:20 CDT 2026] converting ERA5 year 2004 ...
2026-06-18 15:44:23,095 INFO __main__ year 2004: 1464 sample files in [0, 1464)
2026-06-18 15:44:23,096 INFO __main__ loading per-file H5 reads across 64 workers
2026-06-18 15:44:35,220 INFO __main__ loaded 200 / 1464
2026-06-18 15:44:44,975 INFO __main__ loaded 400 / 1464
2026-06-18 15:44:53,439 INFO __main__ loaded 600 / 1464
2026-06-18 15:45:03,824 INFO __main__ loaded 800 / 1464
2026-06-18 15:45:13,664 INFO __main__ loaded 1000 / 1464
2026-06-18 15:45:24,100 INFO __main__ loaded 1200 / 1464
2026-06-18 15:45:37,547 INFO __main__ loaded 1400 / 1464
2026-06-18 15:46:11,703 INFO __main__ writing Zarr to /work/hdd/bdiu/awikner/physicsnemo-zarr/era5/2004.zarr
/work/nvme/bdiu/awikner/physicsnemo/.venv/lib/python3.12/site-packages/zarr/api/asynchronous.py:231: ZarrUserWarning: Consolidated metadata is currently not part in the Zarr format 3 specification. It may not be supported by other zarr implementations and may change in the future.
  warnings.warn(
2026-06-18 15:49:31,358 INFO __main__ done: 15 vars, 1464 timesteps
[Thu Jun 18 15:49:33 CDT 2026] converting ERA5 year 2005 ...
2026-06-18 15:49:36,727 INFO __main__ year 2005: 1460 sample files in [0, 1460)
2026-06-18 15:49:36,730 INFO __main__ loading per-file H5 reads across 64 workers
2026-06-18 15:49:49,471 INFO __main__ loaded 200 / 1460
2026-06-18 15:50:00,994 INFO __main__ loaded 400 / 1460
2026-06-18 15:50:11,418 INFO __main__ loaded 600 / 1460
2026-06-18 15:50:23,543 INFO __main__ loaded 800 / 1460
2026-06-18 15:50:34,374 INFO __main__ loaded 1000 / 1460
2026-06-18 15:50:44,769 INFO __main__ loaded 1200 / 1460
2026-06-18 15:50:54,133 INFO __main__ loaded 1400 / 1460
2026-06-18 15:51:25,803 INFO __main__ writing Zarr to /work/hdd/bdiu/awikner/physicsnemo-zarr/era5/2005.zarr
/work/nvme/bdiu/awikner/physicsnemo/.venv/lib/python3.12/site-packages/zarr/api/asynchronous.py:231: ZarrUserWarning: Consolidated metadata is currently not part in the Zarr format 3 specification. It may not be supported by other zarr implementations and may change in the future.
  warnings.warn(
2026-06-18 15:52:50,539 INFO __main__ done: 15 vars, 1460 timesteps
[Thu Jun 18 15:52:53 CDT 2026] converting ERA5 year 2006 ...
2026-06-18 15:52:56,178 INFO __main__ year 2006: 1460 sample files in [0, 1460)
2026-06-18 15:52:56,181 INFO __main__ loading per-file H5 reads across 64 workers
2026-06-18 15:53:08,315 INFO __main__ loaded 200 / 1460
2026-06-18 15:53:18,036 INFO __main__ loaded 400 / 1460
2026-06-18 15:53:28,307 INFO __main__ loaded 600 / 1460
2026-06-18 15:53:38,457 INFO __main__ loaded 800 / 1460
2026-06-18 15:53:48,871 INFO __main__ loaded 1000 / 1460
2026-06-18 15:53:59,923 INFO __main__ loaded 1200 / 1460
2026-06-18 15:54:13,687 INFO __main__ loaded 1400 / 1460
2026-06-18 15:54:37,859 INFO __main__ writing Zarr to /work/hdd/bdiu/awikner/physicsnemo-zarr/era5/2006.zarr
/work/nvme/bdiu/awikner/physicsnemo/.venv/lib/python3.12/site-packages/zarr/api/asynchronous.py:231: ZarrUserWarning: Consolidated metadata is currently not part in the Zarr format 3 specification. It may not be supported by other zarr implementations and may change in the future.
  warnings.warn(
2026-06-18 15:56:21,420 INFO __main__ done: 15 vars, 1460 timesteps
[Thu Jun 18 15:56:24 CDT 2026] converting ERA5 year 2007 ...
2026-06-18 15:56:27,615 INFO __main__ year 2007: 1460 sample files in [0, 1460)
2026-06-18 15:56:27,617 INFO __main__ loading per-file H5 reads across 64 workers
2026-06-18 15:56:44,161 INFO __main__ loaded 200 / 1460
2026-06-18 15:56:57,353 INFO __main__ loaded 400 / 1460
2026-06-18 15:57:10,957 INFO __main__ loaded 600 / 1460
2026-06-18 15:57:26,957 INFO __main__ loaded 800 / 1460
2026-06-18 15:57:38,282 INFO __main__ loaded 1000 / 1460
2026-06-18 15:57:51,495 INFO __main__ loaded 1200 / 1460
2026-06-18 15:58:09,270 INFO __main__ loaded 1400 / 1460
2026-06-18 15:58:55,647 INFO __main__ writing Zarr to /work/hdd/bdiu/awikner/physicsnemo-zarr/era5/2007.zarr
/work/nvme/bdiu/awikner/physicsnemo/.venv/lib/python3.12/site-packages/zarr/api/asynchronous.py:231: ZarrUserWarning: Consolidated metadata is currently not part in the Zarr format 3 specification. It may not be supported by other zarr implementations and may change in the future.
  warnings.warn(
2026-06-18 16:00:21,580 INFO __main__ done: 15 vars, 1460 timesteps
[Thu Jun 18 16:00:23 CDT 2026] converting ERA5 year 2008 ...
2026-06-18 16:00:27,410 INFO __main__ year 2008: 1464 sample files in [0, 1464)
2026-06-18 16:00:27,412 INFO __main__ loading per-file H5 reads across 64 workers
2026-06-18 16:00:40,179 INFO __main__ loaded 200 / 1464
2026-06-18 16:00:53,881 INFO __main__ loaded 400 / 1464
2026-06-18 16:01:04,927 INFO __main__ loaded 600 / 1464
2026-06-18 16:01:16,705 INFO __main__ loaded 800 / 1464
2026-06-18 16:01:27,351 INFO __main__ loaded 1000 / 1464
2026-06-18 16:01:38,584 INFO __main__ loaded 1200 / 1464
2026-06-18 16:01:55,627 INFO __main__ loaded 1400 / 1464
2026-06-18 16:02:39,318 INFO __main__ writing Zarr to /work/hdd/bdiu/awikner/physicsnemo-zarr/era5/2008.zarr
/work/nvme/bdiu/awikner/physicsnemo/.venv/lib/python3.12/site-packages/zarr/api/asynchronous.py:231: ZarrUserWarning: Consolidated metadata is currently not part in the Zarr format 3 specification. It may not be supported by other zarr implementations and may change in the future.
  warnings.warn(
2026-06-18 16:04:40,092 INFO __main__ done: 15 vars, 1464 timesteps
[Thu Jun 18 16:04:43 CDT 2026] converting ERA5 year 2009 ...
2026-06-18 16:04:46,028 INFO __main__ year 2009: 1460 sample files in [0, 1460)
2026-06-18 16:04:46,029 INFO __main__ loading per-file H5 reads across 64 workers
2026-06-18 16:04:59,766 INFO __main__ loaded 200 / 1460
2026-06-18 16:05:14,403 INFO __main__ loaded 400 / 1460
2026-06-18 16:05:29,091 INFO __main__ loaded 600 / 1460
2026-06-18 16:05:42,141 INFO __main__ loaded 800 / 1460
2026-06-18 16:05:53,931 INFO __main__ loaded 1000 / 1460
2026-06-18 16:06:05,465 INFO __main__ loaded 1200 / 1460
2026-06-18 16:06:16,477 INFO __main__ loaded 1400 / 1460
2026-06-18 16:06:45,065 INFO __main__ writing Zarr to /work/hdd/bdiu/awikner/physicsnemo-zarr/era5/2009.zarr
/work/nvme/bdiu/awikner/physicsnemo/.venv/lib/python3.12/site-packages/zarr/api/asynchronous.py:231: ZarrUserWarning: Consolidated metadata is currently not part in the Zarr format 3 specification. It may not be supported by other zarr implementations and may change in the future.
  warnings.warn(
2026-06-18 16:08:09,575 INFO __main__ done: 15 vars, 1460 timesteps
[Thu Jun 18 16:08:12 CDT 2026] converting ERA5 year 2010 ...
2026-06-18 16:08:15,919 INFO __main__ year 2010: 1460 sample files in [0, 1460)
2026-06-18 16:08:15,922 INFO __main__ loading per-file H5 reads across 64 workers
2026-06-18 16:08:28,693 INFO __main__ loaded 200 / 1460
2026-06-18 16:08:41,872 INFO __main__ loaded 400 / 1460
2026-06-18 16:08:53,355 INFO __main__ loaded 600 / 1460
2026-06-18 16:09:04,051 INFO __main__ loaded 800 / 1460
2026-06-18 16:09:15,977 INFO __main__ loaded 1000 / 1460
2026-06-18 16:09:26,977 INFO __main__ loaded 1200 / 1460
2026-06-18 16:09:39,959 INFO __main__ loaded 1400 / 1460
2026-06-18 16:10:06,328 INFO __main__ writing Zarr to /work/hdd/bdiu/awikner/physicsnemo-zarr/era5/2010.zarr
/work/nvme/bdiu/awikner/physicsnemo/.venv/lib/python3.12/site-packages/zarr/api/asynchronous.py:231: ZarrUserWarning: Consolidated metadata is currently not part in the Zarr format 3 specification. It may not be supported by other zarr implementations and may change in the future.
  warnings.warn(
2026-06-18 16:11:31,383 INFO __main__ done: 15 vars, 1460 timesteps
[Thu Jun 18 16:11:34 CDT 2026] converting ERA5 year 2011 ...
2026-06-18 16:11:39,001 INFO __main__ year 2011: 1460 sample files in [0, 1460)
2026-06-18 16:11:39,006 INFO __main__ loading per-file H5 reads across 64 workers
2026-06-18 16:11:52,903 INFO __main__ loaded 200 / 1460
2026-06-18 16:12:03,057 INFO __main__ loaded 400 / 1460
2026-06-18 16:12:12,631 INFO __main__ loaded 600 / 1460
2026-06-18 16:12:23,094 INFO __main__ loaded 800 / 1460
2026-06-18 16:12:35,354 INFO __main__ loaded 1000 / 1460
2026-06-18 16:12:49,500 INFO __main__ loaded 1200 / 1460
2026-06-18 16:13:04,341 INFO __main__ loaded 1400 / 1460
2026-06-18 16:13:37,100 INFO __main__ writing Zarr to /work/hdd/bdiu/awikner/physicsnemo-zarr/era5/2011.zarr
/work/nvme/bdiu/awikner/physicsnemo/.venv/lib/python3.12/site-packages/zarr/api/asynchronous.py:231: ZarrUserWarning: Consolidated metadata is currently not part in the Zarr format 3 specification. It may not be supported by other zarr implementations and may change in the future.
  warnings.warn(
2026-06-18 16:15:00,386 INFO __main__ done: 15 vars, 1460 timesteps
[Thu Jun 18 16:15:02 CDT 2026] converting ERA5 year 2012 ...
2026-06-18 16:15:06,175 INFO __main__ year 2012: 1464 sample files in [0, 1464)
2026-06-18 16:15:06,176 INFO __main__ loading per-file H5 reads across 64 workers
2026-06-18 16:15:18,900 INFO __main__ loaded 200 / 1464
2026-06-18 16:15:31,905 INFO __main__ loaded 400 / 1464
2026-06-18 16:15:41,931 INFO __main__ loaded 600 / 1464
2026-06-18 16:15:52,150 INFO __main__ loaded 800 / 1464
2026-06-18 16:16:04,688 INFO __main__ loaded 1000 / 1464
2026-06-18 16:16:15,965 INFO __main__ loaded 1200 / 1464
2026-06-18 16:16:25,200 INFO __main__ loaded 1400 / 1464
2026-06-18 16:16:48,201 INFO __main__ writing Zarr to /work/hdd/bdiu/awikner/physicsnemo-zarr/era5/2012.zarr
/work/nvme/bdiu/awikner/physicsnemo/.venv/lib/python3.12/site-packages/zarr/api/asynchronous.py:231: ZarrUserWarning: Consolidated metadata is currently not part in the Zarr format 3 specification. It may not be supported by other zarr implementations and may change in the future.
  warnings.warn(
2026-06-18 16:19:40,051 INFO __main__ done: 15 vars, 1464 timesteps
[Thu Jun 18 16:19:42 CDT 2026] converting ERA5 year 2013 ...
2026-06-18 16:19:45,582 INFO __main__ year 2013: 1460 sample files in [0, 1460)
2026-06-18 16:19:45,585 INFO __main__ loading per-file H5 reads across 64 workers
2026-06-18 16:19:58,428 INFO __main__ loaded 200 / 1460
2026-06-18 16:20:10,132 INFO __main__ loaded 400 / 1460
2026-06-18 16:20:22,892 INFO __main__ loaded 600 / 1460
2026-06-18 16:20:35,806 INFO __main__ loaded 800 / 1460
2026-06-18 16:20:46,860 INFO __main__ loaded 1000 / 1460
2026-06-18 16:21:01,401 INFO __main__ loaded 1200 / 1460
2026-06-18 16:21:15,721 INFO __main__ loaded 1400 / 1460
2026-06-18 16:21:42,868 INFO __main__ writing Zarr to /work/hdd/bdiu/awikner/physicsnemo-zarr/era5/2013.zarr
/work/nvme/bdiu/awikner/physicsnemo/.venv/lib/python3.12/site-packages/zarr/api/asynchronous.py:231: ZarrUserWarning: Consolidated metadata is currently not part in the Zarr format 3 specification. It may not be supported by other zarr implementations and may change in the future.
  warnings.warn(
2026-06-18 16:23:09,897 INFO __main__ done: 15 vars, 1460 timesteps
[Thu Jun 18 16:23:12 CDT 2026] converting ERA5 year 2014 ...
2026-06-18 16:23:16,499 INFO __main__ year 2014: 1460 sample files in [0, 1460)
2026-06-18 16:23:16,502 INFO __main__ loading per-file H5 reads across 64 workers
2026-06-18 16:23:31,051 INFO __main__ loaded 200 / 1460
2026-06-18 16:23:44,088 INFO __main__ loaded 400 / 1460
2026-06-18 16:23:55,132 INFO __main__ loaded 600 / 1460
2026-06-18 16:24:06,163 INFO __main__ loaded 800 / 1460
2026-06-18 16:24:17,793 INFO __main__ loaded 1000 / 1460
2026-06-18 16:24:28,536 INFO __main__ loaded 1200 / 1460
2026-06-18 16:24:39,008 INFO __main__ loaded 1400 / 1460
2026-06-18 16:24:56,385 INFO __main__ writing Zarr to /work/hdd/bdiu/awikner/physicsnemo-zarr/era5/2014.zarr
/work/nvme/bdiu/awikner/physicsnemo/.venv/lib/python3.12/site-packages/zarr/api/asynchronous.py:231: ZarrUserWarning: Consolidated metadata is currently not part in the Zarr format 3 specification. It may not be supported by other zarr implementations and may change in the future.
  warnings.warn(
2026-06-18 16:26:29,099 INFO __main__ done: 15 vars, 1460 timesteps
[Thu Jun 18 16:26:31 CDT 2026] converting ERA5 year 2015 ...
2026-06-18 16:26:35,094 INFO __main__ year 2015: 1460 sample files in [0, 1460)
2026-06-18 16:26:35,098 INFO __main__ loading per-file H5 reads across 64 workers
2026-06-18 16:26:48,057 INFO __main__ loaded 200 / 1460
2026-06-18 16:26:59,101 INFO __main__ loaded 400 / 1460
2026-06-18 16:27:10,612 INFO __main__ loaded 600 / 1460
2026-06-18 16:27:21,343 INFO __main__ loaded 800 / 1460
2026-06-18 16:27:36,209 INFO __main__ loaded 1000 / 1460
2026-06-18 16:27:52,157 INFO __main__ loaded 1200 / 1460
2026-06-18 16:28:03,075 INFO __main__ loaded 1400 / 1460
2026-06-18 16:28:34,346 INFO __main__ writing Zarr to /work/hdd/bdiu/awikner/physicsnemo-zarr/era5/2015.zarr
/work/nvme/bdiu/awikner/physicsnemo/.venv/lib/python3.12/site-packages/zarr/api/asynchronous.py:231: ZarrUserWarning: Consolidated metadata is currently not part in the Zarr format 3 specification. It may not be supported by other zarr implementations and may change in the future.
  warnings.warn(
2026-06-18 16:30:07,523 INFO __main__ done: 15 vars, 1460 timesteps
[Thu Jun 18 16:30:09 CDT 2026] converting ERA5 year 2016 ...
2026-06-18 16:30:13,453 INFO __main__ year 2016: 1464 sample files in [0, 1464)
2026-06-18 16:30:13,457 INFO __main__ loading per-file H5 reads across 64 workers
2026-06-18 16:30:29,191 INFO __main__ loaded 200 / 1464
2026-06-18 16:30:43,452 INFO __main__ loaded 400 / 1464
2026-06-18 16:30:57,283 INFO __main__ loaded 600 / 1464
2026-06-18 16:31:12,619 INFO __main__ loaded 800 / 1464
2026-06-18 16:31:31,845 INFO __main__ loaded 1000 / 1464
2026-06-18 16:31:47,490 INFO __main__ loaded 1200 / 1464
2026-06-18 16:32:04,003 INFO __main__ loaded 1400 / 1464
2026-06-18 16:32:40,478 INFO __main__ writing Zarr to /work/hdd/bdiu/awikner/physicsnemo-zarr/era5/2016.zarr
/work/nvme/bdiu/awikner/physicsnemo/.venv/lib/python3.12/site-packages/zarr/api/asynchronous.py:231: ZarrUserWarning: Consolidated metadata is currently not part in the Zarr format 3 specification. It may not be supported by other zarr implementations and may change in the future.
  warnings.warn(
2026-06-18 16:34:46,029 INFO __main__ done: 15 vars, 1464 timesteps
[Thu Jun 18 16:34:48 CDT 2026] converting ERA5 year 2017 ...
2026-06-18 16:34:51,434 INFO __main__ year 2017: 1460 sample files in [0, 1460)
2026-06-18 16:34:51,438 INFO __main__ loading per-file H5 reads across 64 workers
2026-06-18 16:35:08,837 INFO __main__ loaded 200 / 1460
2026-06-18 16:35:25,890 INFO __main__ loaded 400 / 1460
2026-06-18 16:35:39,685 INFO __main__ loaded 600 / 1460
2026-06-18 16:35:52,331 INFO __main__ loaded 800 / 1460
2026-06-18 16:36:08,146 INFO __main__ loaded 1000 / 1460
2026-06-18 16:36:19,253 INFO __main__ loaded 1200 / 1460
2026-06-18 16:36:28,632 INFO __main__ loaded 1400 / 1460
2026-06-18 16:36:51,451 INFO __main__ writing Zarr to /work/hdd/bdiu/awikner/physicsnemo-zarr/era5/2017.zarr
/work/nvme/bdiu/awikner/physicsnemo/.venv/lib/python3.12/site-packages/zarr/api/asynchronous.py:231: ZarrUserWarning: Consolidated metadata is currently not part in the Zarr format 3 specification. It may not be supported by other zarr implementations and may change in the future.
  warnings.warn(
2026-06-18 16:38:23,985 INFO __main__ done: 15 vars, 1460 timesteps
[Thu Jun 18 16:38:25 CDT 2026] converting ERA5 year 2018 ...
2026-06-18 16:38:29,245 INFO __main__ year 2018: 1460 sample files in [0, 1460)
2026-06-18 16:38:29,247 INFO __main__ loading per-file H5 reads across 64 workers
2026-06-18 16:38:43,107 INFO __main__ loaded 200 / 1460
2026-06-18 16:38:54,286 INFO __main__ loaded 400 / 1460
2026-06-18 16:39:03,417 INFO __main__ loaded 600 / 1460
2026-06-18 16:39:12,930 INFO __main__ loaded 800 / 1460
2026-06-18 16:39:22,992 INFO __main__ loaded 1000 / 1460
2026-06-18 16:39:35,634 INFO __main__ loaded 1200 / 1460
2026-06-18 16:39:47,584 INFO __main__ loaded 1400 / 1460
2026-06-18 16:40:15,025 INFO __main__ writing Zarr to /work/hdd/bdiu/awikner/physicsnemo-zarr/era5/2018.zarr
/work/nvme/bdiu/awikner/physicsnemo/.venv/lib/python3.12/site-packages/zarr/api/asynchronous.py:231: ZarrUserWarning: Consolidated metadata is currently not part in the Zarr format 3 specification. It may not be supported by other zarr implementations and may change in the future.
  warnings.warn(
2026-06-18 16:41:41,028 INFO __main__ done: 15 vars, 1460 timesteps
[Thu Jun 18 16:41:43 CDT 2026] building normalization variant pangu_s2s ...
2026-06-18 16:41:49,280 INFO __main__ merged 5 upper-air + 16 surface vars from variant pangu_s2s
/work/nvme/bdiu/awikner/physicsnemo/.venv/lib/python3.12/site-packages/zarr/core/dtype/npy/string.py:249: UnstableSpecificationWarning: The data type (FixedLengthUTF32(length=4, endianness='little')) does not have a Zarr V3 specification. That means that the representation of arrays saved with this data type may change without warning in a future version of Zarr Python. Arrays stored with this data type may be unreadable by other Zarr libraries. Use this data type at your own risk! Check https://github.com/zarr-developers/zarr-extensions/tree/main/data-types for the status of data type specifications for Zarr V3.
  v3_unstable_dtype_warning(self)
/work/nvme/bdiu/awikner/physicsnemo/.venv/lib/python3.12/site-packages/zarr/api/asynchronous.py:231: ZarrUserWarning: Consolidated metadata is currently not part in the Zarr format 3 specification. It may not be supported by other zarr implementations and may change in the future.
  warnings.warn(
2026-06-18 16:41:51,824 INFO _common.normalization wrote normalization Zarr to /work/hdd/bdiu/awikner/physicsnemo-zarr/era5/normalization_pangu_s2s.zarr (vars=21, sigma_levels=0, pressure_levels=17)
[Thu Jun 18 16:41:52 CDT 2026] building normalization variant pangu_s2s_withnino ...
2026-06-18 16:41:54,745 INFO __main__ merged 5 upper-air + 19 surface vars from variant pangu_s2s_withnino
/work/nvme/bdiu/awikner/physicsnemo/.venv/lib/python3.12/site-packages/zarr/core/dtype/npy/string.py:249: UnstableSpecificationWarning: The data type (FixedLengthUTF32(length=4, endianness='little')) does not have a Zarr V3 specification. That means that the representation of arrays saved with this data type may change without warning in a future version of Zarr Python. Arrays stored with this data type may be unreadable by other Zarr libraries. Use this data type at your own risk! Check https://github.com/zarr-developers/zarr-extensions/tree/main/data-types for the status of data type specifications for Zarr V3.
  v3_unstable_dtype_warning(self)
/work/nvme/bdiu/awikner/physicsnemo/.venv/lib/python3.12/site-packages/zarr/api/asynchronous.py:231: ZarrUserWarning: Consolidated metadata is currently not part in the Zarr format 3 specification. It may not be supported by other zarr implementations and may change in the future.
  warnings.warn(
2026-06-18 16:41:58,193 INFO _common.normalization wrote normalization Zarr to /work/hdd/bdiu/awikner/physicsnemo-zarr/era5/normalization_pangu_s2s_withnino.zarr (vars=24, sigma_levels=0, pressure_levels=17)
[Thu Jun 18 16:41:58 CDT 2026] building normalization variant pangu_s2s_log_precip ...
2026-06-18 16:42:01,095 INFO __main__ merged 5 upper-air + 16 surface vars from variant pangu_s2s_log_precip
/work/nvme/bdiu/awikner/physicsnemo/.venv/lib/python3.12/site-packages/zarr/core/dtype/npy/string.py:249: UnstableSpecificationWarning: The data type (FixedLengthUTF32(length=4, endianness='little')) does not have a Zarr V3 specification. That means that the representation of arrays saved with this data type may change without warning in a future version of Zarr Python. Arrays stored with this data type may be unreadable by other Zarr libraries. Use this data type at your own risk! Check https://github.com/zarr-developers/zarr-extensions/tree/main/data-types for the status of data type specifications for Zarr V3.
  v3_unstable_dtype_warning(self)
/work/nvme/bdiu/awikner/physicsnemo/.venv/lib/python3.12/site-packages/zarr/api/asynchronous.py:231: ZarrUserWarning: Consolidated metadata is currently not part in the Zarr format 3 specification. It may not be supported by other zarr implementations and may change in the future.
  warnings.warn(
2026-06-18 16:42:03,573 INFO _common.normalization wrote normalization Zarr to /work/hdd/bdiu/awikner/physicsnemo-zarr/era5/normalization_pangu_s2s_log_precip.zarr (vars=21, sigma_levels=0, pressure_levels=17)
[Thu Jun 18 16:42:03 CDT 2026] building normalization variant pangu_s2s_withnino_log_precip ...
2026-06-18 16:42:06,617 INFO __main__ merged 5 upper-air + 19 surface vars from variant pangu_s2s_withnino_log_precip
/work/nvme/bdiu/awikner/physicsnemo/.venv/lib/python3.12/site-packages/zarr/core/dtype/npy/string.py:249: UnstableSpecificationWarning: The data type (FixedLengthUTF32(length=4, endianness='little')) does not have a Zarr V3 specification. That means that the representation of arrays saved with this data type may change without warning in a future version of Zarr Python. Arrays stored with this data type may be unreadable by other Zarr libraries. Use this data type at your own risk! Check https://github.com/zarr-developers/zarr-extensions/tree/main/data-types for the status of data type specifications for Zarr V3.
  v3_unstable_dtype_warning(self)
/work/nvme/bdiu/awikner/physicsnemo/.venv/lib/python3.12/site-packages/zarr/api/asynchronous.py:231: ZarrUserWarning: Consolidated metadata is currently not part in the Zarr format 3 specification. It may not be supported by other zarr implementations and may change in the future.
  warnings.warn(
2026-06-18 16:42:10,498 INFO _common.normalization wrote normalization Zarr to /work/hdd/bdiu/awikner/physicsnemo-zarr/era5/normalization_pangu_s2s_withnino_log_precip.zarr (vars=24, sigma_levels=0, pressure_levels=17)
[Thu Jun 18 16:42:10 CDT 2026] building normalization variant pangu_s2s_Z200 ...
2026-06-18 16:42:16,181 INFO __main__ merged 5 upper-air + 16 surface vars from variant pangu_s2s_Z200
/work/nvme/bdiu/awikner/physicsnemo/.venv/lib/python3.12/site-packages/zarr/core/dtype/npy/string.py:249: UnstableSpecificationWarning: The data type (FixedLengthUTF32(length=4, endianness='little')) does not have a Zarr V3 specification. That means that the representation of arrays saved with this data type may change without warning in a future version of Zarr Python. Arrays stored with this data type may be unreadable by other Zarr libraries. Use this data type at your own risk! Check https://github.com/zarr-developers/zarr-extensions/tree/main/data-types for the status of data type specifications for Zarr V3.
  v3_unstable_dtype_warning(self)
/work/nvme/bdiu/awikner/physicsnemo/.venv/lib/python3.12/site-packages/zarr/api/asynchronous.py:231: ZarrUserWarning: Consolidated metadata is currently not part in the Zarr format 3 specification. It may not be supported by other zarr implementations and may change in the future.
  warnings.warn(
2026-06-18 16:42:19,287 INFO _common.normalization wrote normalization Zarr to /work/hdd/bdiu/awikner/physicsnemo-zarr/era5/normalization_pangu_s2s_Z200.zarr (vars=21, sigma_levels=0, pressure_levels=18)
[Thu Jun 18 16:42:20 CDT 2026] building ERA5 climatology Zarr ...
2026-06-18 16:42:26,441 INFO __main__ loaded mean (21 vars) + std (21 vars) climatologies from /work/hdd/bdiu/bgong1/data/h5data
2026-06-18 16:42:26,442 INFO _common.climatology_bias merging 21 climatology vars + 0 bias vars → 21 unified vars
/work/nvme/bdiu/awikner/physicsnemo/.venv/lib/python3.12/site-packages/zarr/core/dtype/npy/string.py:249: UnstableSpecificationWarning: The data type (FixedLengthUTF32(length=4, endianness='little')) does not have a Zarr V3 specification. That means that the representation of arrays saved with this data type may change without warning in a future version of Zarr Python. Arrays stored with this data type may be unreadable by other Zarr libraries. Use this data type at your own risk! Check https://github.com/zarr-developers/zarr-extensions/tree/main/data-types for the status of data type specifications for Zarr V3.
  v3_unstable_dtype_warning(self)
/work/nvme/bdiu/awikner/physicsnemo/.venv/lib/python3.12/site-packages/zarr/api/asynchronous.py:231: ZarrUserWarning: Consolidated metadata is currently not part in the Zarr format 3 specification. It may not be supported by other zarr implementations and may change in the future.
  warnings.warn(
2026-06-18 16:44:08,886 INFO _common.climatology_bias wrote climatology+bias Zarr to /work/hdd/bdiu/awikner/physicsnemo-zarr/era5/climatology_bias.zarr (vars=21)
[Thu Jun 18 16:44:10 CDT 2026] ERA5 full-archive conversion complete.
total 184
drwxrws---+ 46 awikner delta_bdiu 4096 Jun 18 16:43 .
drwxrws---+  5 awikner delta_bdiu 4096 Jun 18 13:27 ..
drwxrws---+ 21 awikner delta_bdiu 4096 Jun 18 14:23 1981.zarr
drwxrws---+ 21 awikner delta_bdiu 4096 Jun 18 14:26 1982.zarr
drwxrws---+ 21 awikner delta_bdiu 4096 Jun 18 14:29 1983.zarr
drwxrws---+ 21 awikner delta_bdiu 4096 Jun 18 14:34 1984.zarr
drwxrws---+ 21 awikner delta_bdiu 4096 Jun 18 14:37 1985.zarr
drwxrws---+ 21 awikner delta_bdiu 4096 Jun 18 14:40 1986.zarr
drwxrws---+ 21 awikner delta_bdiu 4096 Jun 18 14:44 1987.zarr
drwxrws---+ 21 awikner delta_bdiu 4096 Jun 18 14:49 1988.zarr
drwxrws---+ 21 awikner delta_bdiu 4096 Jun 18 14:53 1989.zarr
drwxrws---+ 21 awikner delta_bdiu 4096 Jun 18 14:56 1990.zarr
drwxrws---+ 21 awikner delta_bdiu 4096 Jun 18 15:00 1991.zarr
drwxrws---+ 21 awikner delta_bdiu 4096 Jun 18 15:04 1992.zarr
drwxrws---+ 21 awikner delta_bdiu 4096 Jun 18 15:07 1993.zarr
drwxrws---+ 21 awikner delta_bdiu 4096 Jun 18 15:11 1994.zarr
drwxrws---+ 21 awikner delta_bdiu 4096 Jun 18 15:14 1995.zarr
drwxrws---+ 21 awikner delta_bdiu 4096 Jun 18 15:19 1996.zarr
drwxrws---+ 21 awikner delta_bdiu 4096 Jun 18 15:23 1997.zarr
drwxrws---+ 21 awikner delta_bdiu 4096 Jun 18 15:27 1998.zarr
drwxrws---+ 21 awikner delta_bdiu 4096 Jun 18 15:30 1999.zarr
drwxrws---+ 21 awikner delta_bdiu 4096 Jun 18 15:34 2000.zarr
drwxrws---+ 21 awikner delta_bdiu 4096 Jun 18 15:37 2001.zarr
drwxrws---+ 21 awikner delta_bdiu 4096 Jun 18 15:41 2002.zarr
drwxrws---+ 21 awikner delta_bdiu 4096 Jun 18 15:44 2003.zarr
drwxrws---+ 21 awikner delta_bdiu 4096 Jun 18 15:49 2004.zarr
drwxrws---+ 21 awikner delta_bdiu 4096 Jun 18 15:52 2005.zarr
drwxrws---+ 21 awikner delta_bdiu 4096 Jun 18 15:56 2006.zarr
drwxrws---+ 21 awikner delta_bdiu 4096 Jun 18 16:00 2007.zarr
drwxrws---+ 21 awikner delta_bdiu 4096 Jun 18 16:04 2008.zarr
drwxrws---+ 21 awikner delta_bdiu 4096 Jun 18 16:08 2009.zarr
drwxrws---+ 21 awikner delta_bdiu 4096 Jun 18 16:11 2010.zarr
drwxrws---+ 21 awikner delta_bdiu 4096 Jun 18 16:15 2011.zarr
drwxrws---+ 21 awikner delta_bdiu 4096 Jun 18 16:19 2012.zarr
drwxrws---+ 21 awikner delta_bdiu 4096 Jun 18 16:23 2013.zarr
drwxrws---+ 21 awikner delta_bdiu 4096 Jun 18 16:26 2014.zarr
drwxrws---+ 21 awikner delta_bdiu 4096 Jun 18 16:30 2015.zarr
drwxrws---+ 21 awikner delta_bdiu 4096 Jun 18 16:34 2016.zarr
drwxrws---+ 21 awikner delta_bdiu 4096 Jun 18 16:38 2017.zarr
drwxrws---+ 21 awikner delta_bdiu 4096 Jun 18 16:41 2018.zarr
drwxrws---+ 28 awikner delta_bdiu 4096 Jun 18 16:44 climatology_bias.zarr
drwxrws---+ 25 awikner delta_bdiu 4096 Jun 18 16:41 normalization_pangu_s2s.zarr
drwxrws---+ 25 awikner delta_bdiu 4096 Jun 18 16:42 normalization_pangu_s2s_Z200.zarr
drwxrws---+ 25 awikner delta_bdiu 4096 Jun 18 16:42 normalization_pangu_s2s_log_precip.zarr
drwxrws---+ 28 awikner delta_bdiu 4096 Jun 18 16:41 normalization_pangu_s2s_withnino.zarr
drwxrws---+ 28 awikner delta_bdiu 4096 Jun 18 16:42 normalization_pangu_s2s_withnino_log_precip.zarr
